17-Aug-2021 21:19:57.993 INFO [main] org.apache.catalina.startup.VersionLoggerListener.log Server version name:   Apache Tomcat/9.0.52
17-Aug-2021 21:19:58.127 INFO [main] org.apache.catalina.startup.VersionLoggerListener.log Server built:          Jul 31 2021 04:12:17 UTC
17-Aug-2021 21:19:58.127 INFO [main] org.apache.catalina.startup.VersionLoggerListener.log Server version number: 9.0.52.0
17-Aug-2021 21:19:58.128 INFO [main] org.apache.catalina.startup.VersionLoggerListener.log OS Name:               Windows 10
17-Aug-2021 21:19:58.128 INFO [main] org.apache.catalina.startup.VersionLoggerListener.log OS Version:            10.0
17-Aug-2021 21:19:58.128 INFO [main] org.apache.catalina.startup.VersionLoggerListener.log Architecture:          amd64
17-Aug-2021 21:19:58.128 INFO [main] org.apache.catalina.startup.VersionLoggerListener.log Java Home:             C:\Program Files\Java\jdk1.8.0_181\jre
17-Aug-2021 21:19:58.128 INFO [main] org.apache.catalina.startup.VersionLoggerListener.log JVM Version:           1.8.0_181-b13
17-Aug-2021 21:19:58.129 INFO [main] org.apache.catalina.startup.VersionLoggerListener.log JVM Vendor:            Oracle Corporation
17-Aug-2021 21:19:58.129 INFO [main] org.apache.catalina.startup.VersionLoggerListener.log CATALINA_BASE:         C:\Sai_Softwares\apache-tomcat-9.0.52-windows-x64\apache-tomcat-9.0.52
17-Aug-2021 21:19:58.129 INFO [main] org.apache.catalina.startup.VersionLoggerListener.log CATALINA_HOME:         C:\Sai_Softwares\apache-tomcat-9.0.52-windows-x64\apache-tomcat-9.0.52
17-Aug-2021 21:19:58.151 INFO [main] org.apache.catalina.startup.VersionLoggerListener.log Command line argument: -Djava.util.logging.config.file=C:\Sai_Softwares\apache-tomcat-9.0.52-windows-x64\apache-tomcat-9.0.52\conf\logging.properties
17-Aug-2021 21:19:58.151 INFO [main] org.apache.catalina.startup.VersionLoggerListener.log Command line argument: -Djava.util.logging.manager=org.apache.juli.ClassLoaderLogManager
17-Aug-2021 21:19:58.152 INFO [main] org.apache.catalina.startup.VersionLoggerListener.log Command line argument: -Djdk.tls.ephemeralDHKeySize=2048
17-Aug-2021 21:19:58.152 INFO [main] org.apache.catalina.startup.VersionLoggerListener.log Command line argument: -Djava.protocol.handler.pkgs=org.apache.catalina.webresources
17-Aug-2021 21:19:58.152 INFO [main] org.apache.catalina.startup.VersionLoggerListener.log Command line argument: -Dignore.endorsed.dirs=
17-Aug-2021 21:19:58.152 INFO [main] org.apache.catalina.startup.VersionLoggerListener.log Command line argument: -Dcatalina.base=C:\Sai_Softwares\apache-tomcat-9.0.52-windows-x64\apache-tomcat-9.0.52
17-Aug-2021 21:19:58.153 INFO [main] org.apache.catalina.startup.VersionLoggerListener.log Command line argument: -Dcatalina.home=C:\Sai_Softwares\apache-tomcat-9.0.52-windows-x64\apache-tomcat-9.0.52
17-Aug-2021 21:19:58.155 INFO [main] org.apache.catalina.startup.VersionLoggerListener.log Command line argument: -Djava.io.tmpdir=C:\Sai_Softwares\apache-tomcat-9.0.52-windows-x64\apache-tomcat-9.0.52\temp
17-Aug-2021 21:19:58.190 INFO [main] org.apache.catalina.core.AprLifecycleListener.lifecycleEvent Loaded Apache Tomcat Native library [1.2.30] using APR version [1.7.0].
17-Aug-2021 21:19:58.191 INFO [main] org.apache.catalina.core.AprLifecycleListener.lifecycleEvent APR capabilities: IPv6 [true], sendfile [true], accept filters [false], random [true], UDS [true].
17-Aug-2021 21:19:58.193 INFO [main] org.apache.catalina.core.AprLifecycleListener.lifecycleEvent APR/OpenSSL configuration: useAprConnector [false], useOpenSSL [true]
17-Aug-2021 21:19:58.207 INFO [main] org.apache.catalina.core.AprLifecycleListener.initializeSSL OpenSSL successfully initialized [OpenSSL 1.1.1k  25 Mar 2021]
17-Aug-2021 21:19:59.379 INFO [main] org.apache.coyote.AbstractProtocol.init Initializing ProtocolHandler ["http-nio-8080"]
17-Aug-2021 21:19:59.401 SEVERE [main] org.apache.catalina.util.LifecycleBase.handleSubClassException Failed to initialize component [Connector[HTTP/1.1-8080]]
	org.apache.catalina.LifecycleException: Protocol handler initialization failed
		at org.apache.catalina.connector.Connector.initInternal(Connector.java:1049)
		at org.apache.catalina.util.LifecycleBase.init(LifecycleBase.java:136)
		at org.apache.catalina.core.StandardService.initInternal(StandardService.java:556)
		at org.apache.catalina.util.LifecycleBase.init(LifecycleBase.java:136)
		at org.apache.catalina.core.StandardServer.initInternal(StandardServer.java:1042)
		at org.apache.catalina.util.LifecycleBase.init(LifecycleBase.java:136)
		at org.apache.catalina.startup.Catalina.load(Catalina.java:724)
		at org.apache.catalina.startup.Catalina.load(Catalina.java:746)
		at sun.reflect.NativeMethodAccessorImpl.invoke0(Native Method)
		at sun.reflect.NativeMethodAccessorImpl.invoke(NativeMethodAccessorImpl.java:62)
		at sun.reflect.DelegatingMethodAccessorImpl.invoke(DelegatingMethodAccessorImpl.java:43)
		at java.lang.reflect.Method.invoke(Method.java:498)
		at org.apache.catalina.startup.Bootstrap.load(Bootstrap.java:305)
		at org.apache.catalina.startup.Bootstrap.main(Bootstrap.java:475)
	Caused by: java.net.BindException: Address already in use: bind
		at sun.nio.ch.Net.bind0(Native Method)
		at sun.nio.ch.Net.bind(Net.java:433)
		at sun.nio.ch.Net.bind(Net.java:425)
		at sun.nio.ch.ServerSocketChannelImpl.bind(ServerSocketChannelImpl.java:223)
		at org.apache.tomcat.util.net.NioEndpoint.initServerSocket(NioEndpoint.java:271)
		at org.apache.tomcat.util.net.NioEndpoint.bind(NioEndpoint.java:226)
		at org.apache.tomcat.util.net.AbstractEndpoint.bindWithCleanup(AbstractEndpoint.java:1208)
		at org.apache.tomcat.util.net.AbstractEndpoint.init(AbstractEndpoint.java:1221)
		at org.apache.coyote.AbstractProtocol.init(AbstractProtocol.java:603)
		at org.apache.coyote.http11.AbstractHttp11Protocol.init(AbstractHttp11Protocol.java:80)
		at org.apache.catalina.connector.Connector.initInternal(Connector.java:1046)
		... 13 more
17-Aug-2021 21:19:59.402 INFO [main] org.apache.catalina.startup.Catalina.load Server initialization in [1751] milliseconds
17-Aug-2021 21:19:59.449 INFO [main] org.apache.catalina.core.StandardService.startInternal Starting service [Catalina]
17-Aug-2021 21:19:59.450 INFO [main] org.apache.catalina.core.StandardEngine.startInternal Starting Servlet engine: [Apache Tomcat/9.0.52]
17-Aug-2021 21:19:59.472 INFO [main] org.apache.catalina.startup.HostConfig.deployDirectory Deploying web application directory [C:\Sai_Softwares\apache-tomcat-9.0.52-windows-x64\apache-tomcat-9.0.52\webapps\docs]
17-Aug-2021 21:20:00.062 WARNING [main] org.apache.catalina.util.SessionIdGeneratorBase.createSecureRandom Creation of SecureRandom instance for session ID generation using [SHA1PRNG] took [272] milliseconds.
17-Aug-2021 21:20:00.099 INFO [main] org.apache.catalina.startup.HostConfig.deployDirectory Deployment of web application directory [C:\Sai_Softwares\apache-tomcat-9.0.52-windows-x64\apache-tomcat-9.0.52\webapps\docs] has finished in [628] ms
17-Aug-2021 21:20:00.100 INFO [main] org.apache.catalina.startup.HostConfig.deployDirectory Deploying web application directory [C:\Sai_Softwares\apache-tomcat-9.0.52-windows-x64\apache-tomcat-9.0.52\webapps\examples]
17-Aug-2021 21:20:00.898 INFO [main] org.apache.catalina.startup.HostConfig.deployDirectory Deployment of web application directory [C:\Sai_Softwares\apache-tomcat-9.0.52-windows-x64\apache-tomcat-9.0.52\webapps\examples] has finished in [798] ms
17-Aug-2021 21:20:00.899 INFO [main] org.apache.catalina.startup.HostConfig.deployDirectory Deploying web application directory [C:\Sai_Softwares\apache-tomcat-9.0.52-windows-x64\apache-tomcat-9.0.52\webapps\host-manager]
17-Aug-2021 21:20:00.970 INFO [main] org.apache.catalina.startup.HostConfig.deployDirectory Deployment of web application directory [C:\Sai_Softwares\apache-tomcat-9.0.52-windows-x64\apache-tomcat-9.0.52\webapps\host-manager] has finished in [71] ms
17-Aug-2021 21:20:00.971 INFO [main] org.apache.catalina.startup.HostConfig.deployDirectory Deploying web application directory [C:\Sai_Softwares\apache-tomcat-9.0.52-windows-x64\apache-tomcat-9.0.52\webapps\manager]
17-Aug-2021 21:20:01.033 INFO [main] org.apache.catalina.startup.HostConfig.deployDirectory Deployment of web application directory [C:\Sai_Softwares\apache-tomcat-9.0.52-windows-x64\apache-tomcat-9.0.52\webapps\manager] has finished in [62] ms
17-Aug-2021 21:20:01.034 INFO [main] org.apache.catalina.startup.HostConfig.deployDirectory Deploying web application directory [C:\Sai_Softwares\apache-tomcat-9.0.52-windows-x64\apache-tomcat-9.0.52\webapps\ROOT]
17-Aug-2021 21:20:01.082 INFO [main] org.apache.catalina.startup.HostConfig.deployDirectory Deployment of web application directory [C:\Sai_Softwares\apache-tomcat-9.0.52-windows-x64\apache-tomcat-9.0.52\webapps\ROOT] has finished in [48] ms
17-Aug-2021 21:20:01.089 INFO [main] org.apache.catalina.startup.Catalina.start Server startup in [1686] milliseconds
17-Aug-2021 21:22:12.719 INFO [main] org.apache.catalina.startup.VersionLoggerListener.log Server version name:   Apache Tomcat/9.0.52
17-Aug-2021 21:22:12.722 INFO [main] org.apache.catalina.startup.VersionLoggerListener.log Server built:          Jul 31 2021 04:12:17 UTC
17-Aug-2021 21:22:12.722 INFO [main] org.apache.catalina.startup.VersionLoggerListener.log Server version number: 9.0.52.0
17-Aug-2021 21:22:12.722 INFO [main] org.apache.catalina.startup.VersionLoggerListener.log OS Name:               Windows 10
17-Aug-2021 21:22:12.723 INFO [main] org.apache.catalina.startup.VersionLoggerListener.log OS Version:            10.0
17-Aug-2021 21:22:12.723 INFO [main] org.apache.catalina.startup.VersionLoggerListener.log Architecture:          amd64
17-Aug-2021 21:22:12.723 INFO [main] org.apache.catalina.startup.VersionLoggerListener.log Java Home:             C:\Program Files\Java\jdk1.8.0_181\jre
17-Aug-2021 21:22:12.723 INFO [main] org.apache.catalina.startup.VersionLoggerListener.log JVM Version:           1.8.0_181-b13
17-Aug-2021 21:22:12.723 INFO [main] org.apache.catalina.startup.VersionLoggerListener.log JVM Vendor:            Oracle Corporation
17-Aug-2021 21:22:12.724 INFO [main] org.apache.catalina.startup.VersionLoggerListener.log CATALINA_BASE:         C:\Sai_Softwares\apache-tomcat-9.0.52-windows-x64\apache-tomcat-9.0.52
17-Aug-2021 21:22:12.724 INFO [main] org.apache.catalina.startup.VersionLoggerListener.log CATALINA_HOME:         C:\Sai_Softwares\apache-tomcat-9.0.52-windows-x64\apache-tomcat-9.0.52
17-Aug-2021 21:22:12.725 INFO [main] org.apache.catalina.startup.VersionLoggerListener.log Command line argument: -Djava.util.logging.config.file=C:\Sai_Softwares\apache-tomcat-9.0.52-windows-x64\apache-tomcat-9.0.52\conf\logging.properties
17-Aug-2021 21:22:12.725 INFO [main] org.apache.catalina.startup.VersionLoggerListener.log Command line argument: -Djava.util.logging.manager=org.apache.juli.ClassLoaderLogManager
17-Aug-2021 21:22:12.725 INFO [main] org.apache.catalina.startup.VersionLoggerListener.log Command line argument: -Djdk.tls.ephemeralDHKeySize=2048
17-Aug-2021 21:22:12.725 INFO [main] org.apache.catalina.startup.VersionLoggerListener.log Command line argument: -Djava.protocol.handler.pkgs=org.apache.catalina.webresources
17-Aug-2021 21:22:12.725 INFO [main] org.apache.catalina.startup.VersionLoggerListener.log Command line argument: -Dignore.endorsed.dirs=
17-Aug-2021 21:22:12.726 INFO [main] org.apache.catalina.startup.VersionLoggerListener.log Command line argument: -Dcatalina.base=C:\Sai_Softwares\apache-tomcat-9.0.52-windows-x64\apache-tomcat-9.0.52
17-Aug-2021 21:22:12.729 INFO [main] org.apache.catalina.startup.VersionLoggerListener.log Command line argument: -Dcatalina.home=C:\Sai_Softwares\apache-tomcat-9.0.52-windows-x64\apache-tomcat-9.0.52
17-Aug-2021 21:22:12.729 INFO [main] org.apache.catalina.startup.VersionLoggerListener.log Command line argument: -Djava.io.tmpdir=C:\Sai_Softwares\apache-tomcat-9.0.52-windows-x64\apache-tomcat-9.0.52\temp
17-Aug-2021 21:22:12.735 INFO [main] org.apache.catalina.core.AprLifecycleListener.lifecycleEvent Loaded Apache Tomcat Native library [1.2.30] using APR version [1.7.0].
17-Aug-2021 21:22:12.735 INFO [main] org.apache.catalina.core.AprLifecycleListener.lifecycleEvent APR capabilities: IPv6 [true], sendfile [true], accept filters [false], random [true], UDS [true].
17-Aug-2021 21:22:12.735 INFO [main] org.apache.catalina.core.AprLifecycleListener.lifecycleEvent APR/OpenSSL configuration: useAprConnector [false], useOpenSSL [true]
17-Aug-2021 21:22:12.744 INFO [main] org.apache.catalina.core.AprLifecycleListener.initializeSSL OpenSSL successfully initialized [OpenSSL 1.1.1k  25 Mar 2021]
17-Aug-2021 21:22:13.092 INFO [main] org.apache.coyote.AbstractProtocol.init Initializing ProtocolHandler ["http-nio-8080"]
17-Aug-2021 21:22:13.109 SEVERE [main] org.apache.catalina.util.LifecycleBase.handleSubClassException Failed to initialize component [Connector[HTTP/1.1-8080]]
	org.apache.catalina.LifecycleException: Protocol handler initialization failed
		at org.apache.catalina.connector.Connector.initInternal(Connector.java:1049)
		at org.apache.catalina.util.LifecycleBase.init(LifecycleBase.java:136)
		at org.apache.catalina.core.StandardService.initInternal(StandardService.java:556)
		at org.apache.catalina.util.LifecycleBase.init(LifecycleBase.java:136)
		at org.apache.catalina.core.StandardServer.initInternal(StandardServer.java:1042)
		at org.apache.catalina.util.LifecycleBase.init(LifecycleBase.java:136)
		at org.apache.catalina.startup.Catalina.load(Catalina.java:724)
		at org.apache.catalina.startup.Catalina.load(Catalina.java:746)
		at sun.reflect.NativeMethodAccessorImpl.invoke0(Native Method)
		at sun.reflect.NativeMethodAccessorImpl.invoke(NativeMethodAccessorImpl.java:62)
		at sun.reflect.DelegatingMethodAccessorImpl.invoke(DelegatingMethodAccessorImpl.java:43)
		at java.lang.reflect.Method.invoke(Method.java:498)
		at org.apache.catalina.startup.Bootstrap.load(Bootstrap.java:305)
		at org.apache.catalina.startup.Bootstrap.main(Bootstrap.java:475)
	Caused by: java.net.BindException: Address already in use: bind
		at sun.nio.ch.Net.bind0(Native Method)
		at sun.nio.ch.Net.bind(Net.java:433)
		at sun.nio.ch.Net.bind(Net.java:425)
		at sun.nio.ch.ServerSocketChannelImpl.bind(ServerSocketChannelImpl.java:223)
		at org.apache.tomcat.util.net.NioEndpoint.initServerSocket(NioEndpoint.java:271)
		at org.apache.tomcat.util.net.NioEndpoint.bind(NioEndpoint.java:226)
		at org.apache.tomcat.util.net.AbstractEndpoint.bindWithCleanup(AbstractEndpoint.java:1208)
		at org.apache.tomcat.util.net.AbstractEndpoint.init(AbstractEndpoint.java:1221)
		at org.apache.coyote.AbstractProtocol.init(AbstractProtocol.java:603)
		at org.apache.coyote.http11.AbstractHttp11Protocol.init(AbstractHttp11Protocol.java:80)
		at org.apache.catalina.connector.Connector.initInternal(Connector.java:1046)
		... 13 more
17-Aug-2021 21:22:13.110 INFO [main] org.apache.catalina.startup.Catalina.load Server initialization in [589] milliseconds
17-Aug-2021 21:22:13.146 INFO [main] org.apache.catalina.core.StandardService.startInternal Starting service [Catalina]
17-Aug-2021 21:22:13.146 INFO [main] org.apache.catalina.core.StandardEngine.startInternal Starting Servlet engine: [Apache Tomcat/9.0.52]
17-Aug-2021 21:22:13.169 INFO [main] org.apache.catalina.startup.HostConfig.deployDirectory Deploying web application directory [C:\Sai_Softwares\apache-tomcat-9.0.52-windows-x64\apache-tomcat-9.0.52\webapps\docs]
17-Aug-2021 21:22:13.952 WARNING [main] org.apache.catalina.util.SessionIdGeneratorBase.createSecureRandom Creation of SecureRandom instance for session ID generation using [SHA1PRNG] took [273] milliseconds.
17-Aug-2021 21:22:13.979 INFO [main] org.apache.catalina.startup.HostConfig.deployDirectory Deployment of web application directory [C:\Sai_Softwares\apache-tomcat-9.0.52-windows-x64\apache-tomcat-9.0.52\webapps\docs] has finished in [810] ms
17-Aug-2021 21:22:13.980 INFO [main] org.apache.catalina.startup.HostConfig.deployDirectory Deploying web application directory [C:\Sai_Softwares\apache-tomcat-9.0.52-windows-x64\apache-tomcat-9.0.52\webapps\examples]
17-Aug-2021 21:22:14.626 INFO [main] org.apache.catalina.startup.HostConfig.deployDirectory Deployment of web application directory [C:\Sai_Softwares\apache-tomcat-9.0.52-windows-x64\apache-tomcat-9.0.52\webapps\examples] has finished in [646] ms
17-Aug-2021 21:22:14.626 INFO [main] org.apache.catalina.startup.HostConfig.deployDirectory Deploying web application directory [C:\Sai_Softwares\apache-tomcat-9.0.52-windows-x64\apache-tomcat-9.0.52\webapps\host-manager]
17-Aug-2021 21:22:14.684 INFO [main] org.apache.catalina.startup.HostConfig.deployDirectory Deployment of web application directory [C:\Sai_Softwares\apache-tomcat-9.0.52-windows-x64\apache-tomcat-9.0.52\webapps\host-manager] has finished in [58] ms
17-Aug-2021 21:22:14.685 INFO [main] org.apache.catalina.startup.HostConfig.deployDirectory Deploying web application directory [C:\Sai_Softwares\apache-tomcat-9.0.52-windows-x64\apache-tomcat-9.0.52\webapps\manager]
17-Aug-2021 21:22:14.738 INFO [main] org.apache.catalina.startup.HostConfig.deployDirectory Deployment of web application directory [C:\Sai_Softwares\apache-tomcat-9.0.52-windows-x64\apache-tomcat-9.0.52\webapps\manager] has finished in [53] ms
17-Aug-2021 21:22:14.738 INFO [main] org.apache.catalina.startup.HostConfig.deployDirectory Deploying web application directory [C:\Sai_Softwares\apache-tomcat-9.0.52-windows-x64\apache-tomcat-9.0.52\webapps\ROOT]
17-Aug-2021 21:22:14.781 INFO [main] org.apache.catalina.startup.HostConfig.deployDirectory Deployment of web application directory [C:\Sai_Softwares\apache-tomcat-9.0.52-windows-x64\apache-tomcat-9.0.52\webapps\ROOT] has finished in [43] ms
17-Aug-2021 21:22:14.789 INFO [main] org.apache.catalina.startup.Catalina.start Server startup in [1677] milliseconds
17-Aug-2021 21:22:14.795 SEVERE [main] org.apache.catalina.core.StandardServer.await Failed to create server shutdown socket on address [localhost] and port [8005] (base port [8005] and offset [0])
	java.net.BindException: Address already in use: JVM_Bind
		at java.net.DualStackPlainSocketImpl.bind0(Native Method)
		at java.net.DualStackPlainSocketImpl.socketBind(DualStackPlainSocketImpl.java:106)
		at java.net.AbstractPlainSocketImpl.bind(AbstractPlainSocketImpl.java:387)
		at java.net.PlainSocketImpl.bind(PlainSocketImpl.java:190)
		at java.net.ServerSocket.bind(ServerSocket.java:375)
		at java.net.ServerSocket.<init>(ServerSocket.java:237)
		at org.apache.catalina.core.StandardServer.await(StandardServer.java:577)
		at org.apache.catalina.startup.Catalina.await(Catalina.java:864)
		at org.apache.catalina.startup.Catalina.start(Catalina.java:810)
		at sun.reflect.NativeMethodAccessorImpl.invoke0(Native Method)
		at sun.reflect.NativeMethodAccessorImpl.invoke(NativeMethodAccessorImpl.java:62)
		at sun.reflect.DelegatingMethodAccessorImpl.invoke(DelegatingMethodAccessorImpl.java:43)
		at java.lang.reflect.Method.invoke(Method.java:498)
		at org.apache.catalina.startup.Bootstrap.start(Bootstrap.java:345)
		at org.apache.catalina.startup.Bootstrap.main(Bootstrap.java:476)
17-Aug-2021 21:22:14.796 INFO [main] org.apache.coyote.AbstractProtocol.pause Pausing ProtocolHandler ["http-nio-8080"]
17-Aug-2021 21:22:14.796 INFO [main] org.apache.catalina.core.StandardService.stopInternal Stopping service [Catalina]
17-Aug-2021 21:22:14.824 INFO [main] org.apache.coyote.AbstractProtocol.stop Stopping ProtocolHandler ["http-nio-8080"]
17-Aug-2021 21:22:14.827 INFO [main] org.apache.coyote.AbstractProtocol.destroy Destroying ProtocolHandler ["http-nio-8080"]
17-Aug-2021 21:22:18.827 INFO [main] org.apache.catalina.startup.VersionLoggerListener.log Server version name:   Apache Tomcat/9.0.52
17-Aug-2021 21:22:18.830 INFO [main] org.apache.catalina.startup.VersionLoggerListener.log Server built:          Jul 31 2021 04:12:17 UTC
17-Aug-2021 21:22:18.830 INFO [main] org.apache.catalina.startup.VersionLoggerListener.log Server version number: 9.0.52.0
17-Aug-2021 21:22:18.830 INFO [main] org.apache.catalina.startup.VersionLoggerListener.log OS Name:               Windows 10
17-Aug-2021 21:22:18.830 INFO [main] org.apache.catalina.startup.VersionLoggerListener.log OS Version:            10.0
17-Aug-2021 21:22:18.830 INFO [main] org.apache.catalina.startup.VersionLoggerListener.log Architecture:          amd64
17-Aug-2021 21:22:18.830 INFO [main] org.apache.catalina.startup.VersionLoggerListener.log Java Home:             C:\Program Files\Java\jdk1.8.0_181\jre
17-Aug-2021 21:22:18.830 INFO [main] org.apache.catalina.startup.VersionLoggerListener.log JVM Version:           1.8.0_181-b13
17-Aug-2021 21:22:18.830 INFO [main] org.apache.catalina.startup.VersionLoggerListener.log JVM Vendor:            Oracle Corporation
17-Aug-2021 21:22:18.831 INFO [main] org.apache.catalina.startup.VersionLoggerListener.log CATALINA_BASE:         C:\Sai_Softwares\apache-tomcat-9.0.52-windows-x64\apache-tomcat-9.0.52
17-Aug-2021 21:22:18.831 INFO [main] org.apache.catalina.startup.VersionLoggerListener.log CATALINA_HOME:         C:\Sai_Softwares\apache-tomcat-9.0.52-windows-x64\apache-tomcat-9.0.52
17-Aug-2021 21:22:18.833 INFO [main] org.apache.catalina.startup.VersionLoggerListener.log Command line argument: -Djava.util.logging.config.file=C:\Sai_Softwares\apache-tomcat-9.0.52-windows-x64\apache-tomcat-9.0.52\conf\logging.properties
17-Aug-2021 21:22:18.833 INFO [main] org.apache.catalina.startup.VersionLoggerListener.log Command line argument: -Djava.util.logging.manager=org.apache.juli.ClassLoaderLogManager
17-Aug-2021 21:22:18.833 INFO [main] org.apache.catalina.startup.VersionLoggerListener.log Command line argument: -Djdk.tls.ephemeralDHKeySize=2048
17-Aug-2021 21:22:18.833 INFO [main] org.apache.catalina.startup.VersionLoggerListener.log Command line argument: -Djava.protocol.handler.pkgs=org.apache.catalina.webresources
17-Aug-2021 21:22:18.833 INFO [main] org.apache.catalina.startup.VersionLoggerListener.log Command line argument: -Dignore.endorsed.dirs=
17-Aug-2021 21:22:18.833 INFO [main] org.apache.catalina.startup.VersionLoggerListener.log Command line argument: -Dcatalina.base=C:\Sai_Softwares\apache-tomcat-9.0.52-windows-x64\apache-tomcat-9.0.52
17-Aug-2021 21:22:18.836 INFO [main] org.apache.catalina.startup.VersionLoggerListener.log Command line argument: -Dcatalina.home=C:\Sai_Softwares\apache-tomcat-9.0.52-windows-x64\apache-tomcat-9.0.52
17-Aug-2021 21:22:18.836 INFO [main] org.apache.catalina.startup.VersionLoggerListener.log Command line argument: -Djava.io.tmpdir=C:\Sai_Softwares\apache-tomcat-9.0.52-windows-x64\apache-tomcat-9.0.52\temp
17-Aug-2021 21:22:18.842 INFO [main] org.apache.catalina.core.AprLifecycleListener.lifecycleEvent Loaded Apache Tomcat Native library [1.2.30] using APR version [1.7.0].
17-Aug-2021 21:22:18.844 INFO [main] org.apache.catalina.core.AprLifecycleListener.lifecycleEvent APR capabilities: IPv6 [true], sendfile [true], accept filters [false], random [true], UDS [true].
17-Aug-2021 21:22:18.849 INFO [main] org.apache.catalina.core.AprLifecycleListener.lifecycleEvent APR/OpenSSL configuration: useAprConnector [false], useOpenSSL [true]
17-Aug-2021 21:22:18.858 INFO [main] org.apache.catalina.core.AprLifecycleListener.initializeSSL OpenSSL successfully initialized [OpenSSL 1.1.1k  25 Mar 2021]
17-Aug-2021 21:22:19.206 INFO [main] org.apache.coyote.AbstractProtocol.init Initializing ProtocolHandler ["http-nio-8080"]
17-Aug-2021 21:22:19.221 SEVERE [main] org.apache.catalina.util.LifecycleBase.handleSubClassException Failed to initialize component [Connector[HTTP/1.1-8080]]
	org.apache.catalina.LifecycleException: Protocol handler initialization failed
		at org.apache.catalina.connector.Connector.initInternal(Connector.java:1049)
		at org.apache.catalina.util.LifecycleBase.init(LifecycleBase.java:136)
		at org.apache.catalina.core.StandardService.initInternal(StandardService.java:556)
		at org.apache.catalina.util.LifecycleBase.init(LifecycleBase.java:136)
		at org.apache.catalina.core.StandardServer.initInternal(StandardServer.java:1042)
		at org.apache.catalina.util.LifecycleBase.init(LifecycleBase.java:136)
		at org.apache.catalina.startup.Catalina.load(Catalina.java:724)
		at org.apache.catalina.startup.Catalina.load(Catalina.java:746)
		at sun.reflect.NativeMethodAccessorImpl.invoke0(Native Method)
		at sun.reflect.NativeMethodAccessorImpl.invoke(NativeMethodAccessorImpl.java:62)
		at sun.reflect.DelegatingMethodAccessorImpl.invoke(DelegatingMethodAccessorImpl.java:43)
		at java.lang.reflect.Method.invoke(Method.java:498)
		at org.apache.catalina.startup.Bootstrap.load(Bootstrap.java:305)
		at org.apache.catalina.startup.Bootstrap.main(Bootstrap.java:475)
	Caused by: java.net.BindException: Address already in use: bind
		at sun.nio.ch.Net.bind0(Native Method)
		at sun.nio.ch.Net.bind(Net.java:433)
		at sun.nio.ch.Net.bind(Net.java:425)
		at sun.nio.ch.ServerSocketChannelImpl.bind(ServerSocketChannelImpl.java:223)
		at org.apache.tomcat.util.net.NioEndpoint.initServerSocket(NioEndpoint.java:271)
		at org.apache.tomcat.util.net.NioEndpoint.bind(NioEndpoint.java:226)
		at org.apache.tomcat.util.net.AbstractEndpoint.bindWithCleanup(AbstractEndpoint.java:1208)
		at org.apache.tomcat.util.net.AbstractEndpoint.init(AbstractEndpoint.java:1221)
		at org.apache.coyote.AbstractProtocol.init(AbstractProtocol.java:603)
		at org.apache.coyote.http11.AbstractHttp11Protocol.init(AbstractHttp11Protocol.java:80)
		at org.apache.catalina.connector.Connector.initInternal(Connector.java:1046)
		... 13 more
17-Aug-2021 21:22:19.223 INFO [main] org.apache.catalina.startup.Catalina.load Server initialization in [607] milliseconds
17-Aug-2021 21:22:19.257 INFO [main] org.apache.catalina.core.StandardService.startInternal Starting service [Catalina]
17-Aug-2021 21:22:19.258 INFO [main] org.apache.catalina.core.StandardEngine.startInternal Starting Servlet engine: [Apache Tomcat/9.0.52]
17-Aug-2021 21:22:19.280 INFO [main] org.apache.catalina.startup.HostConfig.deployDirectory Deploying web application directory [C:\Sai_Softwares\apache-tomcat-9.0.52-windows-x64\apache-tomcat-9.0.52\webapps\docs]
17-Aug-2021 21:22:19.785 WARNING [main] org.apache.catalina.util.SessionIdGeneratorBase.createSecureRandom Creation of SecureRandom instance for session ID generation using [SHA1PRNG] took [248] milliseconds.
17-Aug-2021 21:22:19.810 INFO [main] org.apache.catalina.startup.HostConfig.deployDirectory Deployment of web application directory [C:\Sai_Softwares\apache-tomcat-9.0.52-windows-x64\apache-tomcat-9.0.52\webapps\docs] has finished in [530] ms
17-Aug-2021 21:22:19.811 INFO [main] org.apache.catalina.startup.HostConfig.deployDirectory Deploying web application directory [C:\Sai_Softwares\apache-tomcat-9.0.52-windows-x64\apache-tomcat-9.0.52\webapps\examples]
17-Aug-2021 21:22:20.450 INFO [main] org.apache.catalina.startup.HostConfig.deployDirectory Deployment of web application directory [C:\Sai_Softwares\apache-tomcat-9.0.52-windows-x64\apache-tomcat-9.0.52\webapps\examples] has finished in [639] ms
17-Aug-2021 21:22:20.451 INFO [main] org.apache.catalina.startup.HostConfig.deployDirectory Deploying web application directory [C:\Sai_Softwares\apache-tomcat-9.0.52-windows-x64\apache-tomcat-9.0.52\webapps\host-manager]
17-Aug-2021 21:22:20.506 INFO [main] org.apache.catalina.startup.HostConfig.deployDirectory Deployment of web application directory [C:\Sai_Softwares\apache-tomcat-9.0.52-windows-x64\apache-tomcat-9.0.52\webapps\host-manager] has finished in [54] ms
17-Aug-2021 21:22:20.506 INFO [main] org.apache.catalina.startup.HostConfig.deployDirectory Deploying web application directory [C:\Sai_Softwares\apache-tomcat-9.0.52-windows-x64\apache-tomcat-9.0.52\webapps\manager]
17-Aug-2021 21:22:20.560 INFO [main] org.apache.catalina.startup.HostConfig.deployDirectory Deployment of web application directory [C:\Sai_Softwares\apache-tomcat-9.0.52-windows-x64\apache-tomcat-9.0.52\webapps\manager] has finished in [54] ms
17-Aug-2021 21:22:20.561 INFO [main] org.apache.catalina.startup.HostConfig.deployDirectory Deploying web application directory [C:\Sai_Softwares\apache-tomcat-9.0.52-windows-x64\apache-tomcat-9.0.52\webapps\ROOT]
17-Aug-2021 21:22:20.609 INFO [main] org.apache.catalina.startup.HostConfig.deployDirectory Deployment of web application directory [C:\Sai_Softwares\apache-tomcat-9.0.52-windows-x64\apache-tomcat-9.0.52\webapps\ROOT] has finished in [48] ms
17-Aug-2021 21:22:20.617 INFO [main] org.apache.catalina.startup.Catalina.start Server startup in [1393] milliseconds
17-Aug-2021 21:22:20.624 SEVERE [main] org.apache.catalina.core.StandardServer.await Failed to create server shutdown socket on address [localhost] and port [8005] (base port [8005] and offset [0])
	java.net.BindException: Address already in use: JVM_Bind
		at java.net.DualStackPlainSocketImpl.bind0(Native Method)
		at java.net.DualStackPlainSocketImpl.socketBind(DualStackPlainSocketImpl.java:106)
		at java.net.AbstractPlainSocketImpl.bind(AbstractPlainSocketImpl.java:387)
		at java.net.PlainSocketImpl.bind(PlainSocketImpl.java:190)
		at java.net.ServerSocket.bind(ServerSocket.java:375)
		at java.net.ServerSocket.<init>(ServerSocket.java:237)
		at org.apache.catalina.core.StandardServer.await(StandardServer.java:577)
		at org.apache.catalina.startup.Catalina.await(Catalina.java:864)
		at org.apache.catalina.startup.Catalina.start(Catalina.java:810)
		at sun.reflect.NativeMethodAccessorImpl.invoke0(Native Method)
		at sun.reflect.NativeMethodAccessorImpl.invoke(NativeMethodAccessorImpl.java:62)
		at sun.reflect.DelegatingMethodAccessorImpl.invoke(DelegatingMethodAccessorImpl.java:43)
		at java.lang.reflect.Method.invoke(Method.java:498)
		at org.apache.catalina.startup.Bootstrap.start(Bootstrap.java:345)
		at org.apache.catalina.startup.Bootstrap.main(Bootstrap.java:476)
17-Aug-2021 21:22:20.625 INFO [main] org.apache.coyote.AbstractProtocol.pause Pausing ProtocolHandler ["http-nio-8080"]
17-Aug-2021 21:22:20.625 INFO [main] org.apache.catalina.core.StandardService.stopInternal Stopping service [Catalina]
17-Aug-2021 21:22:20.647 INFO [main] org.apache.coyote.AbstractProtocol.stop Stopping ProtocolHandler ["http-nio-8080"]
17-Aug-2021 21:22:20.650 INFO [main] org.apache.coyote.AbstractProtocol.destroy Destroying ProtocolHandler ["http-nio-8080"]
17-Aug-2021 21:23:24.534 INFO [main] org.apache.catalina.startup.VersionLoggerListener.log Server version name:   Apache Tomcat/9.0.52
17-Aug-2021 21:23:24.537 INFO [main] org.apache.catalina.startup.VersionLoggerListener.log Server built:          Jul 31 2021 04:12:17 UTC
17-Aug-2021 21:23:24.537 INFO [main] org.apache.catalina.startup.VersionLoggerListener.log Server version number: 9.0.52.0
17-Aug-2021 21:23:24.537 INFO [main] org.apache.catalina.startup.VersionLoggerListener.log OS Name:               Windows 10
17-Aug-2021 21:23:24.537 INFO [main] org.apache.catalina.startup.VersionLoggerListener.log OS Version:            10.0
17-Aug-2021 21:23:24.538 INFO [main] org.apache.catalina.startup.VersionLoggerListener.log Architecture:          amd64
17-Aug-2021 21:23:24.538 INFO [main] org.apache.catalina.startup.VersionLoggerListener.log Java Home:             C:\Program Files\Java\jdk1.8.0_181\jre
17-Aug-2021 21:23:24.538 INFO [main] org.apache.catalina.startup.VersionLoggerListener.log JVM Version:           1.8.0_181-b13
17-Aug-2021 21:23:24.538 INFO [main] org.apache.catalina.startup.VersionLoggerListener.log JVM Vendor:            Oracle Corporation
17-Aug-2021 21:23:24.538 INFO [main] org.apache.catalina.startup.VersionLoggerListener.log CATALINA_BASE:         C:\Sai_Softwares\apache-tomcat-9.0.52-windows-x64\apache-tomcat-9.0.52
17-Aug-2021 21:23:24.539 INFO [main] org.apache.catalina.startup.VersionLoggerListener.log CATALINA_HOME:         C:\Sai_Softwares\apache-tomcat-9.0.52-windows-x64\apache-tomcat-9.0.52
17-Aug-2021 21:23:24.539 INFO [main] org.apache.catalina.startup.VersionLoggerListener.log Command line argument: -Djava.util.logging.config.file=C:\Sai_Softwares\apache-tomcat-9.0.52-windows-x64\apache-tomcat-9.0.52\conf\logging.properties
17-Aug-2021 21:23:24.540 INFO [main] org.apache.catalina.startup.VersionLoggerListener.log Command line argument: -Djava.util.logging.manager=org.apache.juli.ClassLoaderLogManager
17-Aug-2021 21:23:24.540 INFO [main] org.apache.catalina.startup.VersionLoggerListener.log Command line argument: -Djdk.tls.ephemeralDHKeySize=2048
17-Aug-2021 21:23:24.540 INFO [main] org.apache.catalina.startup.VersionLoggerListener.log Command line argument: -Djava.protocol.handler.pkgs=org.apache.catalina.webresources
17-Aug-2021 21:23:24.540 INFO [main] org.apache.catalina.startup.VersionLoggerListener.log Command line argument: -Dignore.endorsed.dirs=
17-Aug-2021 21:23:24.540 INFO [main] org.apache.catalina.startup.VersionLoggerListener.log Command line argument: -Dcatalina.base=C:\Sai_Softwares\apache-tomcat-9.0.52-windows-x64\apache-tomcat-9.0.52
17-Aug-2021 21:23:24.544 INFO [main] org.apache.catalina.startup.VersionLoggerListener.log Command line argument: -Dcatalina.home=C:\Sai_Softwares\apache-tomcat-9.0.52-windows-x64\apache-tomcat-9.0.52
17-Aug-2021 21:23:24.544 INFO [main] org.apache.catalina.startup.VersionLoggerListener.log Command line argument: -Djava.io.tmpdir=C:\Sai_Softwares\apache-tomcat-9.0.52-windows-x64\apache-tomcat-9.0.52\temp
17-Aug-2021 21:23:24.548 INFO [main] org.apache.catalina.core.AprLifecycleListener.lifecycleEvent Loaded Apache Tomcat Native library [1.2.30] using APR version [1.7.0].
17-Aug-2021 21:23:24.548 INFO [main] org.apache.catalina.core.AprLifecycleListener.lifecycleEvent APR capabilities: IPv6 [true], sendfile [true], accept filters [false], random [true], UDS [true].
17-Aug-2021 21:23:24.549 INFO [main] org.apache.catalina.core.AprLifecycleListener.lifecycleEvent APR/OpenSSL configuration: useAprConnector [false], useOpenSSL [true]
17-Aug-2021 21:23:24.557 INFO [main] org.apache.catalina.core.AprLifecycleListener.initializeSSL OpenSSL successfully initialized [OpenSSL 1.1.1k  25 Mar 2021]
17-Aug-2021 21:23:25.064 INFO [main] org.apache.coyote.AbstractProtocol.init Initializing ProtocolHandler ["http-nio-8080"]
17-Aug-2021 21:23:25.081 SEVERE [main] org.apache.catalina.util.LifecycleBase.handleSubClassException Failed to initialize component [Connector[HTTP/1.1-8080]]
	org.apache.catalina.LifecycleException: Protocol handler initialization failed
		at org.apache.catalina.connector.Connector.initInternal(Connector.java:1049)
		at org.apache.catalina.util.LifecycleBase.init(LifecycleBase.java:136)
		at org.apache.catalina.core.StandardService.initInternal(StandardService.java:556)
		at org.apache.catalina.util.LifecycleBase.init(LifecycleBase.java:136)
		at org.apache.catalina.core.StandardServer.initInternal(StandardServer.java:1042)
		at org.apache.catalina.util.LifecycleBase.init(LifecycleBase.java:136)
		at org.apache.catalina.startup.Catalina.load(Catalina.java:724)
		at org.apache.catalina.startup.Catalina.load(Catalina.java:746)
		at sun.reflect.NativeMethodAccessorImpl.invoke0(Native Method)
		at sun.reflect.NativeMethodAccessorImpl.invoke(NativeMethodAccessorImpl.java:62)
		at sun.reflect.DelegatingMethodAccessorImpl.invoke(DelegatingMethodAccessorImpl.java:43)
		at java.lang.reflect.Method.invoke(Method.java:498)
		at org.apache.catalina.startup.Bootstrap.load(Bootstrap.java:305)
		at org.apache.catalina.startup.Bootstrap.main(Bootstrap.java:475)
	Caused by: java.net.BindException: Address already in use: bind
		at sun.nio.ch.Net.bind0(Native Method)
		at sun.nio.ch.Net.bind(Net.java:433)
		at sun.nio.ch.Net.bind(Net.java:425)
		at sun.nio.ch.ServerSocketChannelImpl.bind(ServerSocketChannelImpl.java:223)
		at org.apache.tomcat.util.net.NioEndpoint.initServerSocket(NioEndpoint.java:271)
		at org.apache.tomcat.util.net.NioEndpoint.bind(NioEndpoint.java:226)
		at org.apache.tomcat.util.net.AbstractEndpoint.bindWithCleanup(AbstractEndpoint.java:1208)
		at org.apache.tomcat.util.net.AbstractEndpoint.init(AbstractEndpoint.java:1221)
		at org.apache.coyote.AbstractProtocol.init(AbstractProtocol.java:603)
		at org.apache.coyote.http11.AbstractHttp11Protocol.init(AbstractHttp11Protocol.java:80)
		at org.apache.catalina.connector.Connector.initInternal(Connector.java:1046)
		... 13 more
17-Aug-2021 21:23:25.082 INFO [main] org.apache.catalina.startup.Catalina.load Server initialization in [738] milliseconds
17-Aug-2021 21:23:25.121 INFO [main] org.apache.catalina.core.StandardService.startInternal Starting service [Catalina]
17-Aug-2021 21:23:25.121 INFO [main] org.apache.catalina.core.StandardEngine.startInternal Starting Servlet engine: [Apache Tomcat/9.0.52]
17-Aug-2021 21:23:25.143 INFO [main] org.apache.catalina.startup.HostConfig.deployDirectory Deploying web application directory [C:\Sai_Softwares\apache-tomcat-9.0.52-windows-x64\apache-tomcat-9.0.52\webapps\docs]
17-Aug-2021 21:23:25.649 WARNING [main] org.apache.catalina.util.SessionIdGeneratorBase.createSecureRandom Creation of SecureRandom instance for session ID generation using [SHA1PRNG] took [244] milliseconds.
17-Aug-2021 21:23:25.675 INFO [main] org.apache.catalina.startup.HostConfig.deployDirectory Deployment of web application directory [C:\Sai_Softwares\apache-tomcat-9.0.52-windows-x64\apache-tomcat-9.0.52\webapps\docs] has finished in [532] ms
17-Aug-2021 21:23:25.675 INFO [main] org.apache.catalina.startup.HostConfig.deployDirectory Deploying web application directory [C:\Sai_Softwares\apache-tomcat-9.0.52-windows-x64\apache-tomcat-9.0.52\webapps\examples]
17-Aug-2021 21:23:26.286 INFO [main] org.apache.catalina.startup.HostConfig.deployDirectory Deployment of web application directory [C:\Sai_Softwares\apache-tomcat-9.0.52-windows-x64\apache-tomcat-9.0.52\webapps\examples] has finished in [610] ms
17-Aug-2021 21:23:26.286 INFO [main] org.apache.catalina.startup.HostConfig.deployDirectory Deploying web application directory [C:\Sai_Softwares\apache-tomcat-9.0.52-windows-x64\apache-tomcat-9.0.52\webapps\host-manager]
17-Aug-2021 21:23:26.354 INFO [main] org.apache.catalina.startup.HostConfig.deployDirectory Deployment of web application directory [C:\Sai_Softwares\apache-tomcat-9.0.52-windows-x64\apache-tomcat-9.0.52\webapps\host-manager] has finished in [68] ms
17-Aug-2021 21:23:26.355 INFO [main] org.apache.catalina.startup.HostConfig.deployDirectory Deploying web application directory [C:\Sai_Softwares\apache-tomcat-9.0.52-windows-x64\apache-tomcat-9.0.52\webapps\manager]
17-Aug-2021 21:23:26.425 INFO [main] org.apache.catalina.startup.HostConfig.deployDirectory Deployment of web application directory [C:\Sai_Softwares\apache-tomcat-9.0.52-windows-x64\apache-tomcat-9.0.52\webapps\manager] has finished in [71] ms
17-Aug-2021 21:23:26.426 INFO [main] org.apache.catalina.startup.HostConfig.deployDirectory Deploying web application directory [C:\Sai_Softwares\apache-tomcat-9.0.52-windows-x64\apache-tomcat-9.0.52\webapps\ROOT]
17-Aug-2021 21:23:26.470 INFO [main] org.apache.catalina.startup.HostConfig.deployDirectory Deployment of web application directory [C:\Sai_Softwares\apache-tomcat-9.0.52-windows-x64\apache-tomcat-9.0.52\webapps\ROOT] has finished in [44] ms
17-Aug-2021 21:23:26.476 INFO [main] org.apache.catalina.startup.Catalina.start Server startup in [1393] milliseconds
17-Aug-2021 21:23:26.483 SEVERE [main] org.apache.catalina.core.StandardServer.await Failed to create server shutdown socket on address [localhost] and port [8005] (base port [8005] and offset [0])
	java.net.BindException: Address already in use: JVM_Bind
		at java.net.DualStackPlainSocketImpl.bind0(Native Method)
		at java.net.DualStackPlainSocketImpl.socketBind(DualStackPlainSocketImpl.java:106)
		at java.net.AbstractPlainSocketImpl.bind(AbstractPlainSocketImpl.java:387)
		at java.net.PlainSocketImpl.bind(PlainSocketImpl.java:190)
		at java.net.ServerSocket.bind(ServerSocket.java:375)
		at java.net.ServerSocket.<init>(ServerSocket.java:237)
		at org.apache.catalina.core.StandardServer.await(StandardServer.java:577)
		at org.apache.catalina.startup.Catalina.await(Catalina.java:864)
		at org.apache.catalina.startup.Catalina.start(Catalina.java:810)
		at sun.reflect.NativeMethodAccessorImpl.invoke0(Native Method)
		at sun.reflect.NativeMethodAccessorImpl.invoke(NativeMethodAccessorImpl.java:62)
		at sun.reflect.DelegatingMethodAccessorImpl.invoke(DelegatingMethodAccessorImpl.java:43)
		at java.lang.reflect.Method.invoke(Method.java:498)
		at org.apache.catalina.startup.Bootstrap.start(Bootstrap.java:345)
		at org.apache.catalina.startup.Bootstrap.main(Bootstrap.java:476)
17-Aug-2021 21:23:26.484 INFO [main] org.apache.coyote.AbstractProtocol.pause Pausing ProtocolHandler ["http-nio-8080"]
17-Aug-2021 21:23:26.485 INFO [main] org.apache.catalina.core.StandardService.stopInternal Stopping service [Catalina]
17-Aug-2021 21:23:26.506 INFO [main] org.apache.coyote.AbstractProtocol.stop Stopping ProtocolHandler ["http-nio-8080"]
17-Aug-2021 21:23:26.508 INFO [main] org.apache.coyote.AbstractProtocol.destroy Destroying ProtocolHandler ["http-nio-8080"]
17-Aug-2021 21:24:01.210 INFO [main] org.apache.catalina.core.StandardServer.await A valid shutdown command was received via the shutdown port. Stopping the Server instance.
17-Aug-2021 21:24:01.210 INFO [main] org.apache.coyote.AbstractProtocol.pause Pausing ProtocolHandler ["http-nio-8080"]
17-Aug-2021 21:24:01.215 INFO [main] org.apache.catalina.core.StandardService.stopInternal Stopping service [Catalina]
17-Aug-2021 21:24:01.235 INFO [main] org.apache.coyote.AbstractProtocol.stop Stopping ProtocolHandler ["http-nio-8080"]
17-Aug-2021 21:24:01.237 INFO [main] org.apache.coyote.AbstractProtocol.destroy Destroying ProtocolHandler ["http-nio-8080"]
17-Aug-2021 21:24:07.056 INFO [main] org.apache.catalina.startup.VersionLoggerListener.log Server version name:   Apache Tomcat/9.0.52
17-Aug-2021 21:24:07.058 INFO [main] org.apache.catalina.startup.VersionLoggerListener.log Server built:          Jul 31 2021 04:12:17 UTC
17-Aug-2021 21:24:07.059 INFO [main] org.apache.catalina.startup.VersionLoggerListener.log Server version number: 9.0.52.0
17-Aug-2021 21:24:07.059 INFO [main] org.apache.catalina.startup.VersionLoggerListener.log OS Name:               Windows 10
17-Aug-2021 21:24:07.059 INFO [main] org.apache.catalina.startup.VersionLoggerListener.log OS Version:            10.0
17-Aug-2021 21:24:07.059 INFO [main] org.apache.catalina.startup.VersionLoggerListener.log Architecture:          amd64
17-Aug-2021 21:24:07.059 INFO [main] org.apache.catalina.startup.VersionLoggerListener.log Java Home:             C:\Program Files\Java\jdk1.8.0_181\jre
17-Aug-2021 21:24:07.060 INFO [main] org.apache.catalina.startup.VersionLoggerListener.log JVM Version:           1.8.0_181-b13
17-Aug-2021 21:24:07.060 INFO [main] org.apache.catalina.startup.VersionLoggerListener.log JVM Vendor:            Oracle Corporation
17-Aug-2021 21:24:07.060 INFO [main] org.apache.catalina.startup.VersionLoggerListener.log CATALINA_BASE:         C:\Sai_Softwares\apache-tomcat-9.0.52-windows-x64\apache-tomcat-9.0.52
17-Aug-2021 21:24:07.060 INFO [main] org.apache.catalina.startup.VersionLoggerListener.log CATALINA_HOME:         C:\Sai_Softwares\apache-tomcat-9.0.52-windows-x64\apache-tomcat-9.0.52
17-Aug-2021 21:24:07.061 INFO [main] org.apache.catalina.startup.VersionLoggerListener.log Command line argument: -Djava.util.logging.config.file=C:\Sai_Softwares\apache-tomcat-9.0.52-windows-x64\apache-tomcat-9.0.52\conf\logging.properties
17-Aug-2021 21:24:07.062 INFO [main] org.apache.catalina.startup.VersionLoggerListener.log Command line argument: -Djava.util.logging.manager=org.apache.juli.ClassLoaderLogManager
17-Aug-2021 21:24:07.062 INFO [main] org.apache.catalina.startup.VersionLoggerListener.log Command line argument: -Djdk.tls.ephemeralDHKeySize=2048
17-Aug-2021 21:24:07.062 INFO [main] org.apache.catalina.startup.VersionLoggerListener.log Command line argument: -Djava.protocol.handler.pkgs=org.apache.catalina.webresources
17-Aug-2021 21:24:07.062 INFO [main] org.apache.catalina.startup.VersionLoggerListener.log Command line argument: -Dignore.endorsed.dirs=
17-Aug-2021 21:24:07.062 INFO [main] org.apache.catalina.startup.VersionLoggerListener.log Command line argument: -Dcatalina.base=C:\Sai_Softwares\apache-tomcat-9.0.52-windows-x64\apache-tomcat-9.0.52
17-Aug-2021 21:24:07.066 INFO [main] org.apache.catalina.startup.VersionLoggerListener.log Command line argument: -Dcatalina.home=C:\Sai_Softwares\apache-tomcat-9.0.52-windows-x64\apache-tomcat-9.0.52
17-Aug-2021 21:24:07.066 INFO [main] org.apache.catalina.startup.VersionLoggerListener.log Command line argument: -Djava.io.tmpdir=C:\Sai_Softwares\apache-tomcat-9.0.52-windows-x64\apache-tomcat-9.0.52\temp
17-Aug-2021 21:24:07.070 INFO [main] org.apache.catalina.core.AprLifecycleListener.lifecycleEvent Loaded Apache Tomcat Native library [1.2.30] using APR version [1.7.0].
17-Aug-2021 21:24:07.071 INFO [main] org.apache.catalina.core.AprLifecycleListener.lifecycleEvent APR capabilities: IPv6 [true], sendfile [true], accept filters [false], random [true], UDS [true].
17-Aug-2021 21:24:07.071 INFO [main] org.apache.catalina.core.AprLifecycleListener.lifecycleEvent APR/OpenSSL configuration: useAprConnector [false], useOpenSSL [true]
17-Aug-2021 21:24:07.079 INFO [main] org.apache.catalina.core.AprLifecycleListener.initializeSSL OpenSSL successfully initialized [OpenSSL 1.1.1k  25 Mar 2021]
17-Aug-2021 21:24:07.409 INFO [main] org.apache.coyote.AbstractProtocol.init Initializing ProtocolHandler ["http-nio-8080"]
17-Aug-2021 21:24:07.426 SEVERE [main] org.apache.catalina.util.LifecycleBase.handleSubClassException Failed to initialize component [Connector[HTTP/1.1-8080]]
	org.apache.catalina.LifecycleException: Protocol handler initialization failed
		at org.apache.catalina.connector.Connector.initInternal(Connector.java:1049)
		at org.apache.catalina.util.LifecycleBase.init(LifecycleBase.java:136)
		at org.apache.catalina.core.StandardService.initInternal(StandardService.java:556)
		at org.apache.catalina.util.LifecycleBase.init(LifecycleBase.java:136)
		at org.apache.catalina.core.StandardServer.initInternal(StandardServer.java:1042)
		at org.apache.catalina.util.LifecycleBase.init(LifecycleBase.java:136)
		at org.apache.catalina.startup.Catalina.load(Catalina.java:724)
		at org.apache.catalina.startup.Catalina.load(Catalina.java:746)
		at sun.reflect.NativeMethodAccessorImpl.invoke0(Native Method)
		at sun.reflect.NativeMethodAccessorImpl.invoke(NativeMethodAccessorImpl.java:62)
		at sun.reflect.DelegatingMethodAccessorImpl.invoke(DelegatingMethodAccessorImpl.java:43)
		at java.lang.reflect.Method.invoke(Method.java:498)
		at org.apache.catalina.startup.Bootstrap.load(Bootstrap.java:305)
		at org.apache.catalina.startup.Bootstrap.main(Bootstrap.java:475)
	Caused by: java.net.BindException: Address already in use: bind
		at sun.nio.ch.Net.bind0(Native Method)
		at sun.nio.ch.Net.bind(Net.java:433)
		at sun.nio.ch.Net.bind(Net.java:425)
		at sun.nio.ch.ServerSocketChannelImpl.bind(ServerSocketChannelImpl.java:223)
		at org.apache.tomcat.util.net.NioEndpoint.initServerSocket(NioEndpoint.java:271)
		at org.apache.tomcat.util.net.NioEndpoint.bind(NioEndpoint.java:226)
		at org.apache.tomcat.util.net.AbstractEndpoint.bindWithCleanup(AbstractEndpoint.java:1208)
		at org.apache.tomcat.util.net.AbstractEndpoint.init(AbstractEndpoint.java:1221)
		at org.apache.coyote.AbstractProtocol.init(AbstractProtocol.java:603)
		at org.apache.coyote.http11.AbstractHttp11Protocol.init(AbstractHttp11Protocol.java:80)
		at org.apache.catalina.connector.Connector.initInternal(Connector.java:1046)
		... 13 more
17-Aug-2021 21:24:07.428 INFO [main] org.apache.catalina.startup.Catalina.load Server initialization in [567] milliseconds
17-Aug-2021 21:24:07.469 INFO [main] org.apache.catalina.core.StandardService.startInternal Starting service [Catalina]
17-Aug-2021 21:24:07.470 INFO [main] org.apache.catalina.core.StandardEngine.startInternal Starting Servlet engine: [Apache Tomcat/9.0.52]
17-Aug-2021 21:24:07.490 INFO [main] org.apache.catalina.startup.HostConfig.deployDirectory Deploying web application directory [C:\Sai_Softwares\apache-tomcat-9.0.52-windows-x64\apache-tomcat-9.0.52\webapps\docs]
17-Aug-2021 21:24:07.993 WARNING [main] org.apache.catalina.util.SessionIdGeneratorBase.createSecureRandom Creation of SecureRandom instance for session ID generation using [SHA1PRNG] took [250] milliseconds.
17-Aug-2021 21:24:08.023 INFO [main] org.apache.catalina.startup.HostConfig.deployDirectory Deployment of web application directory [C:\Sai_Softwares\apache-tomcat-9.0.52-windows-x64\apache-tomcat-9.0.52\webapps\docs] has finished in [533] ms
17-Aug-2021 21:24:08.024 INFO [main] org.apache.catalina.startup.HostConfig.deployDirectory Deploying web application directory [C:\Sai_Softwares\apache-tomcat-9.0.52-windows-x64\apache-tomcat-9.0.52\webapps\examples]
17-Aug-2021 21:24:08.733 INFO [main] org.apache.catalina.startup.HostConfig.deployDirectory Deployment of web application directory [C:\Sai_Softwares\apache-tomcat-9.0.52-windows-x64\apache-tomcat-9.0.52\webapps\examples] has finished in [709] ms
17-Aug-2021 21:24:08.735 INFO [main] org.apache.catalina.startup.HostConfig.deployDirectory Deploying web application directory [C:\Sai_Softwares\apache-tomcat-9.0.52-windows-x64\apache-tomcat-9.0.52\webapps\host-manager]
17-Aug-2021 21:24:08.797 INFO [main] org.apache.catalina.startup.HostConfig.deployDirectory Deployment of web application directory [C:\Sai_Softwares\apache-tomcat-9.0.52-windows-x64\apache-tomcat-9.0.52\webapps\host-manager] has finished in [63] ms
17-Aug-2021 21:24:08.797 INFO [main] org.apache.catalina.startup.HostConfig.deployDirectory Deploying web application directory [C:\Sai_Softwares\apache-tomcat-9.0.52-windows-x64\apache-tomcat-9.0.52\webapps\manager]
17-Aug-2021 21:24:08.854 INFO [main] org.apache.catalina.startup.HostConfig.deployDirectory Deployment of web application directory [C:\Sai_Softwares\apache-tomcat-9.0.52-windows-x64\apache-tomcat-9.0.52\webapps\manager] has finished in [57] ms
17-Aug-2021 21:24:08.855 INFO [main] org.apache.catalina.startup.HostConfig.deployDirectory Deploying web application directory [C:\Sai_Softwares\apache-tomcat-9.0.52-windows-x64\apache-tomcat-9.0.52\webapps\ROOT]
17-Aug-2021 21:24:08.899 INFO [main] org.apache.catalina.startup.HostConfig.deployDirectory Deployment of web application directory [C:\Sai_Softwares\apache-tomcat-9.0.52-windows-x64\apache-tomcat-9.0.52\webapps\ROOT] has finished in [44] ms
17-Aug-2021 21:24:08.906 INFO [main] org.apache.catalina.startup.Catalina.start Server startup in [1476] milliseconds
17-Aug-2021 21:26:04.239 INFO [main] org.apache.catalina.core.StandardServer.await A valid shutdown command was received via the shutdown port. Stopping the Server instance.
17-Aug-2021 21:26:04.240 INFO [main] org.apache.coyote.AbstractProtocol.pause Pausing ProtocolHandler ["http-nio-8080"]
17-Aug-2021 21:26:04.245 INFO [main] org.apache.catalina.core.StandardService.stopInternal Stopping service [Catalina]
17-Aug-2021 21:26:04.266 INFO [main] org.apache.coyote.AbstractProtocol.stop Stopping ProtocolHandler ["http-nio-8080"]
17-Aug-2021 21:26:04.268 INFO [main] org.apache.coyote.AbstractProtocol.destroy Destroying ProtocolHandler ["http-nio-8080"]
17-Aug-2021 21:26:06.480 INFO [main] org.apache.catalina.startup.VersionLoggerListener.log Server version name:   Apache Tomcat/9.0.52
17-Aug-2021 21:26:06.483 INFO [main] org.apache.catalina.startup.VersionLoggerListener.log Server built:          Jul 31 2021 04:12:17 UTC
17-Aug-2021 21:26:06.483 INFO [main] org.apache.catalina.startup.VersionLoggerListener.log Server version number: 9.0.52.0
17-Aug-2021 21:26:06.483 INFO [main] org.apache.catalina.startup.VersionLoggerListener.log OS Name:               Windows 10
17-Aug-2021 21:26:06.483 INFO [main] org.apache.catalina.startup.VersionLoggerListener.log OS Version:            10.0
17-Aug-2021 21:26:06.484 INFO [main] org.apache.catalina.startup.VersionLoggerListener.log Architecture:          amd64
17-Aug-2021 21:26:06.484 INFO [main] org.apache.catalina.startup.VersionLoggerListener.log Java Home:             C:\Program Files\Java\jdk1.8.0_181\jre
17-Aug-2021 21:26:06.484 INFO [main] org.apache.catalina.startup.VersionLoggerListener.log JVM Version:           1.8.0_181-b13
17-Aug-2021 21:26:06.484 INFO [main] org.apache.catalina.startup.VersionLoggerListener.log JVM Vendor:            Oracle Corporation
17-Aug-2021 21:26:06.484 INFO [main] org.apache.catalina.startup.VersionLoggerListener.log CATALINA_BASE:         C:\Sai_Softwares\apache-tomcat-9.0.52-windows-x64\apache-tomcat-9.0.52
17-Aug-2021 21:26:06.484 INFO [main] org.apache.catalina.startup.VersionLoggerListener.log CATALINA_HOME:         C:\Sai_Softwares\apache-tomcat-9.0.52-windows-x64\apache-tomcat-9.0.52
17-Aug-2021 21:26:06.486 INFO [main] org.apache.catalina.startup.VersionLoggerListener.log Command line argument: -Djava.util.logging.config.file=C:\Sai_Softwares\apache-tomcat-9.0.52-windows-x64\apache-tomcat-9.0.52\conf\logging.properties
17-Aug-2021 21:26:06.486 INFO [main] org.apache.catalina.startup.VersionLoggerListener.log Command line argument: -Djava.util.logging.manager=org.apache.juli.ClassLoaderLogManager
17-Aug-2021 21:26:06.486 INFO [main] org.apache.catalina.startup.VersionLoggerListener.log Command line argument: -Djdk.tls.ephemeralDHKeySize=2048
17-Aug-2021 21:26:06.486 INFO [main] org.apache.catalina.startup.VersionLoggerListener.log Command line argument: -Djava.protocol.handler.pkgs=org.apache.catalina.webresources
17-Aug-2021 21:26:06.486 INFO [main] org.apache.catalina.startup.VersionLoggerListener.log Command line argument: -Dignore.endorsed.dirs=
17-Aug-2021 21:26:06.487 INFO [main] org.apache.catalina.startup.VersionLoggerListener.log Command line argument: -Dcatalina.base=C:\Sai_Softwares\apache-tomcat-9.0.52-windows-x64\apache-tomcat-9.0.52
17-Aug-2021 21:26:06.490 INFO [main] org.apache.catalina.startup.VersionLoggerListener.log Command line argument: -Dcatalina.home=C:\Sai_Softwares\apache-tomcat-9.0.52-windows-x64\apache-tomcat-9.0.52
17-Aug-2021 21:26:06.490 INFO [main] org.apache.catalina.startup.VersionLoggerListener.log Command line argument: -Djava.io.tmpdir=C:\Sai_Softwares\apache-tomcat-9.0.52-windows-x64\apache-tomcat-9.0.52\temp
17-Aug-2021 21:26:06.494 INFO [main] org.apache.catalina.core.AprLifecycleListener.lifecycleEvent Loaded Apache Tomcat Native library [1.2.30] using APR version [1.7.0].
17-Aug-2021 21:26:06.494 INFO [main] org.apache.catalina.core.AprLifecycleListener.lifecycleEvent APR capabilities: IPv6 [true], sendfile [true], accept filters [false], random [true], UDS [true].
17-Aug-2021 21:26:06.495 INFO [main] org.apache.catalina.core.AprLifecycleListener.lifecycleEvent APR/OpenSSL configuration: useAprConnector [false], useOpenSSL [true]
17-Aug-2021 21:26:06.504 INFO [main] org.apache.catalina.core.AprLifecycleListener.initializeSSL OpenSSL successfully initialized [OpenSSL 1.1.1k  25 Mar 2021]
17-Aug-2021 21:26:06.857 INFO [main] org.apache.coyote.AbstractProtocol.init Initializing ProtocolHandler ["http-nio-8081"]
17-Aug-2021 21:26:06.893 INFO [main] org.apache.catalina.startup.Catalina.load Server initialization in [611] milliseconds
17-Aug-2021 21:26:06.931 INFO [main] org.apache.catalina.core.StandardService.startInternal Starting service [Catalina]
17-Aug-2021 21:26:06.931 INFO [main] org.apache.catalina.core.StandardEngine.startInternal Starting Servlet engine: [Apache Tomcat/9.0.52]
17-Aug-2021 21:26:06.948 INFO [main] org.apache.catalina.startup.HostConfig.deployDirectory Deploying web application directory [C:\Sai_Softwares\apache-tomcat-9.0.52-windows-x64\apache-tomcat-9.0.52\webapps\docs]
17-Aug-2021 21:26:07.445 WARNING [main] org.apache.catalina.util.SessionIdGeneratorBase.createSecureRandom Creation of SecureRandom instance for session ID generation using [SHA1PRNG] took [245] milliseconds.
17-Aug-2021 21:26:07.473 INFO [main] org.apache.catalina.startup.HostConfig.deployDirectory Deployment of web application directory [C:\Sai_Softwares\apache-tomcat-9.0.52-windows-x64\apache-tomcat-9.0.52\webapps\docs] has finished in [525] ms
17-Aug-2021 21:26:07.474 INFO [main] org.apache.catalina.startup.HostConfig.deployDirectory Deploying web application directory [C:\Sai_Softwares\apache-tomcat-9.0.52-windows-x64\apache-tomcat-9.0.52\webapps\examples]
17-Aug-2021 21:26:08.105 INFO [main] org.apache.catalina.startup.HostConfig.deployDirectory Deployment of web application directory [C:\Sai_Softwares\apache-tomcat-9.0.52-windows-x64\apache-tomcat-9.0.52\webapps\examples] has finished in [632] ms
17-Aug-2021 21:26:08.105 INFO [main] org.apache.catalina.startup.HostConfig.deployDirectory Deploying web application directory [C:\Sai_Softwares\apache-tomcat-9.0.52-windows-x64\apache-tomcat-9.0.52\webapps\host-manager]
17-Aug-2021 21:26:08.166 INFO [main] org.apache.catalina.startup.HostConfig.deployDirectory Deployment of web application directory [C:\Sai_Softwares\apache-tomcat-9.0.52-windows-x64\apache-tomcat-9.0.52\webapps\host-manager] has finished in [60] ms
17-Aug-2021 21:26:08.166 INFO [main] org.apache.catalina.startup.HostConfig.deployDirectory Deploying web application directory [C:\Sai_Softwares\apache-tomcat-9.0.52-windows-x64\apache-tomcat-9.0.52\webapps\manager]
17-Aug-2021 21:26:08.219 INFO [main] org.apache.catalina.startup.HostConfig.deployDirectory Deployment of web application directory [C:\Sai_Softwares\apache-tomcat-9.0.52-windows-x64\apache-tomcat-9.0.52\webapps\manager] has finished in [53] ms
17-Aug-2021 21:26:08.220 INFO [main] org.apache.catalina.startup.HostConfig.deployDirectory Deploying web application directory [C:\Sai_Softwares\apache-tomcat-9.0.52-windows-x64\apache-tomcat-9.0.52\webapps\ROOT]
17-Aug-2021 21:26:08.266 INFO [main] org.apache.catalina.startup.HostConfig.deployDirectory Deployment of web application directory [C:\Sai_Softwares\apache-tomcat-9.0.52-windows-x64\apache-tomcat-9.0.52\webapps\ROOT] has finished in [46] ms
17-Aug-2021 21:26:08.273 INFO [main] org.apache.coyote.AbstractProtocol.start Starting ProtocolHandler ["http-nio-8081"]
17-Aug-2021 21:26:08.306 INFO [main] org.apache.catalina.startup.Catalina.start Server startup in [1412] milliseconds
17-Aug-2021 21:43:40.813 INFO [Catalina-utility-2] org.apache.catalina.startup.HostConfig.deployDirectory Deploying web application directory [C:\Sai_Softwares\apache-tomcat-9.0.52-windows-x64\apache-tomcat-9.0.52\webapps\New folder]
17-Aug-2021 21:43:40.901 INFO [Catalina-utility-2] org.apache.catalina.startup.HostConfig.deployDirectory Deployment of web application directory [C:\Sai_Softwares\apache-tomcat-9.0.52-windows-x64\apache-tomcat-9.0.52\webapps\New folder] has finished in [89] ms
17-Aug-2021 21:44:01.458 INFO [Catalina-utility-1] org.apache.catalina.startup.HostConfig.undeploy Undeploying context [/New folder]
17-Aug-2021 21:44:01.500 INFO [Catalina-utility-1] org.apache.catalina.startup.HostConfig.deployDirectory Deploying web application directory [C:\Sai_Softwares\apache-tomcat-9.0.52-windows-x64\apache-tomcat-9.0.52\webapps\FirstServletApp]
17-Aug-2021 21:44:01.540 INFO [Catalina-utility-1] org.apache.catalina.startup.HostConfig.deployDirectory Deployment of web application directory [C:\Sai_Softwares\apache-tomcat-9.0.52-windows-x64\apache-tomcat-9.0.52\webapps\FirstServletApp] has finished in [40] ms
17-Aug-2021 21:45:31.720 INFO [Catalina-utility-2] org.apache.catalina.startup.HostConfig.reload Reloading context [/FirstServletApp]
17-Aug-2021 21:45:31.721 INFO [Catalina-utility-2] org.apache.catalina.core.StandardContext.reload Reloading Context with name [/FirstServletApp] has started
17-Aug-2021 21:45:31.751 SEVERE [Catalina-utility-2] org.apache.tomcat.util.digester.Digester.fatalError Parse fatal error at line [1] column [1]
	org.xml.sax.SAXParseException; systemId: file:/C:/Sai_Softwares/apache-tomcat-9.0.52-windows-x64/apache-tomcat-9.0.52/webapps/FirstServletApp/WEB-INF/web.xml; lineNumber: 1; columnNumber: 1; Premature end of file.
		at com.sun.org.apache.xerces.internal.util.ErrorHandlerWrapper.createSAXParseException(ErrorHandlerWrapper.java:203)
		at com.sun.org.apache.xerces.internal.util.ErrorHandlerWrapper.fatalError(ErrorHandlerWrapper.java:177)
		at com.sun.org.apache.xerces.internal.impl.XMLErrorReporter.reportError(XMLErrorReporter.java:400)
		at com.sun.org.apache.xerces.internal.impl.XMLErrorReporter.reportError(XMLErrorReporter.java:327)
		at com.sun.org.apache.xerces.internal.impl.XMLScanner.reportFatalError(XMLScanner.java:1472)
		at com.sun.org.apache.xerces.internal.impl.XMLDocumentScannerImpl$PrologDriver.next(XMLDocumentScannerImpl.java:1014)
		at com.sun.org.apache.xerces.internal.impl.XMLDocumentScannerImpl.next(XMLDocumentScannerImpl.java:602)
		at com.sun.org.apache.xerces.internal.impl.XMLDocumentFragmentScannerImpl.scanDocument(XMLDocumentFragmentScannerImpl.java:505)
		at com.sun.org.apache.xerces.internal.parsers.XML11Configuration.parse(XML11Configuration.java:842)
		at com.sun.org.apache.xerces.internal.parsers.XML11Configuration.parse(XML11Configuration.java:771)
		at com.sun.org.apache.xerces.internal.parsers.XMLParser.parse(XMLParser.java:141)
		at com.sun.org.apache.xerces.internal.parsers.AbstractSAXParser.parse(AbstractSAXParser.java:1213)
		at com.sun.org.apache.xerces.internal.jaxp.SAXParserImpl$JAXPSAXParser.parse(SAXParserImpl.java:643)
		at org.apache.tomcat.util.digester.Digester.parse(Digester.java:1535)
		at org.apache.tomcat.util.descriptor.web.WebXmlParser.parseWebXml(WebXmlParser.java:119)
		at org.apache.catalina.startup.ContextConfig.webConfig(ContextConfig.java:1277)
		at org.apache.catalina.startup.ContextConfig.configureStart(ContextConfig.java:986)
		at org.apache.catalina.startup.ContextConfig.lifecycleEvent(ContextConfig.java:303)
		at org.apache.catalina.util.LifecycleBase.fireLifecycleEvent(LifecycleBase.java:123)
		at org.apache.catalina.core.StandardContext.startInternal(StandardContext.java:5135)
		at org.apache.catalina.util.LifecycleBase.start(LifecycleBase.java:183)
		at org.apache.catalina.core.StandardContext.reload(StandardContext.java:3818)
		at org.apache.catalina.startup.HostConfig.reload(HostConfig.java:1443)
		at org.apache.catalina.startup.HostConfig.checkResources(HostConfig.java:1415)
		at org.apache.catalina.startup.HostConfig.check(HostConfig.java:1654)
		at org.apache.catalina.startup.HostConfig.lifecycleEvent(HostConfig.java:315)
		at org.apache.catalina.util.LifecycleBase.fireLifecycleEvent(LifecycleBase.java:123)
		at org.apache.catalina.core.ContainerBase.backgroundProcess(ContainerBase.java:1162)
		at org.apache.catalina.core.ContainerBase$ContainerBackgroundProcessor.processChildren(ContainerBase.java:1365)
		at org.apache.catalina.core.ContainerBase$ContainerBackgroundProcessor.processChildren(ContainerBase.java:1369)
		at org.apache.catalina.core.ContainerBase$ContainerBackgroundProcessor.run(ContainerBase.java:1347)
		at java.util.concurrent.Executors$RunnableAdapter.call(Executors.java:511)
		at java.util.concurrent.FutureTask.runAndReset(FutureTask.java:308)
		at java.util.concurrent.ScheduledThreadPoolExecutor$ScheduledFutureTask.access$301(ScheduledThreadPoolExecutor.java:180)
		at java.util.concurrent.ScheduledThreadPoolExecutor$ScheduledFutureTask.run(ScheduledThreadPoolExecutor.java:294)
		at java.util.concurrent.ThreadPoolExecutor.runWorker(ThreadPoolExecutor.java:1149)
		at java.util.concurrent.ThreadPoolExecutor$Worker.run(ThreadPoolExecutor.java:624)
		at org.apache.tomcat.util.threads.TaskThread$WrappingRunnable.run(TaskThread.java:61)
		at java.lang.Thread.run(Thread.java:748)
17-Aug-2021 21:45:31.753 SEVERE [Catalina-utility-2] org.apache.tomcat.util.descriptor.web.WebXmlParser.parseWebXml Parse error in application web.xml file at [file:/C:/Sai_Softwares/apache-tomcat-9.0.52-windows-x64/apache-tomcat-9.0.52/webapps/FirstServletApp/WEB-INF/web.xml]
	org.xml.sax.SAXParseException; systemId: file:/C:/Sai_Softwares/apache-tomcat-9.0.52-windows-x64/apache-tomcat-9.0.52/webapps/FirstServletApp/WEB-INF/web.xml; lineNumber: 1; columnNumber: 1; Premature end of file.
		at com.sun.org.apache.xerces.internal.util.ErrorHandlerWrapper.createSAXParseException(ErrorHandlerWrapper.java:203)
		at com.sun.org.apache.xerces.internal.util.ErrorHandlerWrapper.fatalError(ErrorHandlerWrapper.java:177)
		at com.sun.org.apache.xerces.internal.impl.XMLErrorReporter.reportError(XMLErrorReporter.java:400)
		at com.sun.org.apache.xerces.internal.impl.XMLErrorReporter.reportError(XMLErrorReporter.java:327)
		at com.sun.org.apache.xerces.internal.impl.XMLScanner.reportFatalError(XMLScanner.java:1472)
		at com.sun.org.apache.xerces.internal.impl.XMLDocumentScannerImpl$PrologDriver.next(XMLDocumentScannerImpl.java:1014)
		at com.sun.org.apache.xerces.internal.impl.XMLDocumentScannerImpl.next(XMLDocumentScannerImpl.java:602)
		at com.sun.org.apache.xerces.internal.impl.XMLDocumentFragmentScannerImpl.scanDocument(XMLDocumentFragmentScannerImpl.java:505)
		at com.sun.org.apache.xerces.internal.parsers.XML11Configuration.parse(XML11Configuration.java:842)
		at com.sun.org.apache.xerces.internal.parsers.XML11Configuration.parse(XML11Configuration.java:771)
		at com.sun.org.apache.xerces.internal.parsers.XMLParser.parse(XMLParser.java:141)
		at com.sun.org.apache.xerces.internal.parsers.AbstractSAXParser.parse(AbstractSAXParser.java:1213)
		at com.sun.org.apache.xerces.internal.jaxp.SAXParserImpl$JAXPSAXParser.parse(SAXParserImpl.java:643)
		at org.apache.tomcat.util.digester.Digester.parse(Digester.java:1535)
		at org.apache.tomcat.util.descriptor.web.WebXmlParser.parseWebXml(WebXmlParser.java:119)
		at org.apache.catalina.startup.ContextConfig.webConfig(ContextConfig.java:1277)
		at org.apache.catalina.startup.ContextConfig.configureStart(ContextConfig.java:986)
		at org.apache.catalina.startup.ContextConfig.lifecycleEvent(ContextConfig.java:303)
		at org.apache.catalina.util.LifecycleBase.fireLifecycleEvent(LifecycleBase.java:123)
		at org.apache.catalina.core.StandardContext.startInternal(StandardContext.java:5135)
		at org.apache.catalina.util.LifecycleBase.start(LifecycleBase.java:183)
		at org.apache.catalina.core.StandardContext.reload(StandardContext.java:3818)
		at org.apache.catalina.startup.HostConfig.reload(HostConfig.java:1443)
		at org.apache.catalina.startup.HostConfig.checkResources(HostConfig.java:1415)
		at org.apache.catalina.startup.HostConfig.check(HostConfig.java:1654)
		at org.apache.catalina.startup.HostConfig.lifecycleEvent(HostConfig.java:315)
		at org.apache.catalina.util.LifecycleBase.fireLifecycleEvent(LifecycleBase.java:123)
		at org.apache.catalina.core.ContainerBase.backgroundProcess(ContainerBase.java:1162)
		at org.apache.catalina.core.ContainerBase$ContainerBackgroundProcessor.processChildren(ContainerBase.java:1365)
		at org.apache.catalina.core.ContainerBase$ContainerBackgroundProcessor.processChildren(ContainerBase.java:1369)
		at org.apache.catalina.core.ContainerBase$ContainerBackgroundProcessor.run(ContainerBase.java:1347)
		at java.util.concurrent.Executors$RunnableAdapter.call(Executors.java:511)
		at java.util.concurrent.FutureTask.runAndReset(FutureTask.java:308)
		at java.util.concurrent.ScheduledThreadPoolExecutor$ScheduledFutureTask.access$301(ScheduledThreadPoolExecutor.java:180)
		at java.util.concurrent.ScheduledThreadPoolExecutor$ScheduledFutureTask.run(ScheduledThreadPoolExecutor.java:294)
		at java.util.concurrent.ThreadPoolExecutor.runWorker(ThreadPoolExecutor.java:1149)
		at java.util.concurrent.ThreadPoolExecutor$Worker.run(ThreadPoolExecutor.java:624)
		at org.apache.tomcat.util.threads.TaskThread$WrappingRunnable.run(TaskThread.java:61)
		at java.lang.Thread.run(Thread.java:748)
17-Aug-2021 21:45:31.754 SEVERE [Catalina-utility-2] org.apache.tomcat.util.descriptor.web.WebXmlParser.parseWebXml Occurred at line [1] column [1]
17-Aug-2021 21:45:31.763 SEVERE [Catalina-utility-2] org.apache.catalina.startup.ContextConfig.configureStart Marking this application unavailable due to previous error(s)
17-Aug-2021 21:45:31.768 SEVERE [Catalina-utility-2] org.apache.catalina.core.StandardContext.startInternal One or more components marked the context as not correctly configured
17-Aug-2021 21:45:31.769 SEVERE [Catalina-utility-2] org.apache.catalina.core.StandardContext.startInternal Context [/FirstServletApp] startup failed due to previous errors
17-Aug-2021 21:45:31.771 INFO [Catalina-utility-2] org.apache.catalina.core.StandardContext.reload Reloading Context with name [/FirstServletApp] is completed
17-Aug-2021 21:48:02.192 INFO [Catalina-utility-1] org.apache.catalina.startup.HostConfig.reload Reloading context [/FirstServletApp]
17-Aug-2021 21:48:02.224 SEVERE [Catalina-utility-1] org.apache.tomcat.util.digester.Digester.fatalError Parse fatal error at line [10] column [3]
	org.xml.sax.SAXParseException; systemId: file:/C:/Sai_Softwares/apache-tomcat-9.0.52-windows-x64/apache-tomcat-9.0.52/webapps/FirstServletApp/WEB-INF/web.xml; lineNumber: 10; columnNumber: 3; The element type "servlet-mapping" must be terminated by the matching end-tag "</servlet-mapping>".
		at com.sun.org.apache.xerces.internal.util.ErrorHandlerWrapper.createSAXParseException(ErrorHandlerWrapper.java:203)
		at com.sun.org.apache.xerces.internal.util.ErrorHandlerWrapper.fatalError(ErrorHandlerWrapper.java:177)
		at com.sun.org.apache.xerces.internal.impl.XMLErrorReporter.reportError(XMLErrorReporter.java:400)
		at com.sun.org.apache.xerces.internal.impl.XMLErrorReporter.reportError(XMLErrorReporter.java:327)
		at com.sun.org.apache.xerces.internal.impl.XMLScanner.reportFatalError(XMLScanner.java:1472)
		at com.sun.org.apache.xerces.internal.impl.XMLDocumentFragmentScannerImpl.scanEndElement(XMLDocumentFragmentScannerImpl.java:1749)
		at com.sun.org.apache.xerces.internal.impl.XMLDocumentFragmentScannerImpl$FragmentContentDriver.next(XMLDocumentFragmentScannerImpl.java:2967)
		at com.sun.org.apache.xerces.internal.impl.XMLDocumentScannerImpl.next(XMLDocumentScannerImpl.java:602)
		at com.sun.org.apache.xerces.internal.impl.XMLDocumentFragmentScannerImpl.scanDocument(XMLDocumentFragmentScannerImpl.java:505)
		at com.sun.org.apache.xerces.internal.parsers.XML11Configuration.parse(XML11Configuration.java:842)
		at com.sun.org.apache.xerces.internal.parsers.XML11Configuration.parse(XML11Configuration.java:771)
		at com.sun.org.apache.xerces.internal.parsers.XMLParser.parse(XMLParser.java:141)
		at com.sun.org.apache.xerces.internal.parsers.AbstractSAXParser.parse(AbstractSAXParser.java:1213)
		at com.sun.org.apache.xerces.internal.jaxp.SAXParserImpl$JAXPSAXParser.parse(SAXParserImpl.java:643)
		at org.apache.tomcat.util.digester.Digester.parse(Digester.java:1535)
		at org.apache.tomcat.util.descriptor.web.WebXmlParser.parseWebXml(WebXmlParser.java:119)
		at org.apache.catalina.startup.ContextConfig.webConfig(ContextConfig.java:1277)
		at org.apache.catalina.startup.ContextConfig.configureStart(ContextConfig.java:986)
		at org.apache.catalina.startup.ContextConfig.lifecycleEvent(ContextConfig.java:303)
		at org.apache.catalina.util.LifecycleBase.fireLifecycleEvent(LifecycleBase.java:123)
		at org.apache.catalina.core.StandardContext.startInternal(StandardContext.java:5135)
		at org.apache.catalina.util.LifecycleBase.start(LifecycleBase.java:183)
		at org.apache.catalina.startup.HostConfig.reload(HostConfig.java:1452)
		at org.apache.catalina.startup.HostConfig.checkResources(HostConfig.java:1415)
		at org.apache.catalina.startup.HostConfig.check(HostConfig.java:1654)
		at org.apache.catalina.startup.HostConfig.lifecycleEvent(HostConfig.java:315)
		at org.apache.catalina.util.LifecycleBase.fireLifecycleEvent(LifecycleBase.java:123)
		at org.apache.catalina.core.ContainerBase.backgroundProcess(ContainerBase.java:1162)
		at org.apache.catalina.core.ContainerBase$ContainerBackgroundProcessor.processChildren(ContainerBase.java:1365)
		at org.apache.catalina.core.ContainerBase$ContainerBackgroundProcessor.processChildren(ContainerBase.java:1369)
		at org.apache.catalina.core.ContainerBase$ContainerBackgroundProcessor.run(ContainerBase.java:1347)
		at java.util.concurrent.Executors$RunnableAdapter.call(Executors.java:511)
		at java.util.concurrent.FutureTask.runAndReset(FutureTask.java:308)
		at java.util.concurrent.ScheduledThreadPoolExecutor$ScheduledFutureTask.access$301(ScheduledThreadPoolExecutor.java:180)
		at java.util.concurrent.ScheduledThreadPoolExecutor$ScheduledFutureTask.run(ScheduledThreadPoolExecutor.java:294)
		at java.util.concurrent.ThreadPoolExecutor.runWorker(ThreadPoolExecutor.java:1149)
		at java.util.concurrent.ThreadPoolExecutor$Worker.run(ThreadPoolExecutor.java:624)
		at org.apache.tomcat.util.threads.TaskThread$WrappingRunnable.run(TaskThread.java:61)
		at java.lang.Thread.run(Thread.java:748)
17-Aug-2021 21:48:02.225 SEVERE [Catalina-utility-1] org.apache.tomcat.util.descriptor.web.WebXmlParser.parseWebXml Parse error in application web.xml file at [file:/C:/Sai_Softwares/apache-tomcat-9.0.52-windows-x64/apache-tomcat-9.0.52/webapps/FirstServletApp/WEB-INF/web.xml]
	org.xml.sax.SAXParseException; systemId: file:/C:/Sai_Softwares/apache-tomcat-9.0.52-windows-x64/apache-tomcat-9.0.52/webapps/FirstServletApp/WEB-INF/web.xml; lineNumber: 10; columnNumber: 3; The element type "servlet-mapping" must be terminated by the matching end-tag "</servlet-mapping>".
		at com.sun.org.apache.xerces.internal.util.ErrorHandlerWrapper.createSAXParseException(ErrorHandlerWrapper.java:203)
		at com.sun.org.apache.xerces.internal.util.ErrorHandlerWrapper.fatalError(ErrorHandlerWrapper.java:177)
		at com.sun.org.apache.xerces.internal.impl.XMLErrorReporter.reportError(XMLErrorReporter.java:400)
		at com.sun.org.apache.xerces.internal.impl.XMLErrorReporter.reportError(XMLErrorReporter.java:327)
		at com.sun.org.apache.xerces.internal.impl.XMLScanner.reportFatalError(XMLScanner.java:1472)
		at com.sun.org.apache.xerces.internal.impl.XMLDocumentFragmentScannerImpl.scanEndElement(XMLDocumentFragmentScannerImpl.java:1749)
		at com.sun.org.apache.xerces.internal.impl.XMLDocumentFragmentScannerImpl$FragmentContentDriver.next(XMLDocumentFragmentScannerImpl.java:2967)
		at com.sun.org.apache.xerces.internal.impl.XMLDocumentScannerImpl.next(XMLDocumentScannerImpl.java:602)
		at com.sun.org.apache.xerces.internal.impl.XMLDocumentFragmentScannerImpl.scanDocument(XMLDocumentFragmentScannerImpl.java:505)
		at com.sun.org.apache.xerces.internal.parsers.XML11Configuration.parse(XML11Configuration.java:842)
		at com.sun.org.apache.xerces.internal.parsers.XML11Configuration.parse(XML11Configuration.java:771)
		at com.sun.org.apache.xerces.internal.parsers.XMLParser.parse(XMLParser.java:141)
		at com.sun.org.apache.xerces.internal.parsers.AbstractSAXParser.parse(AbstractSAXParser.java:1213)
		at com.sun.org.apache.xerces.internal.jaxp.SAXParserImpl$JAXPSAXParser.parse(SAXParserImpl.java:643)
		at org.apache.tomcat.util.digester.Digester.parse(Digester.java:1535)
		at org.apache.tomcat.util.descriptor.web.WebXmlParser.parseWebXml(WebXmlParser.java:119)
		at org.apache.catalina.startup.ContextConfig.webConfig(ContextConfig.java:1277)
		at org.apache.catalina.startup.ContextConfig.configureStart(ContextConfig.java:986)
		at org.apache.catalina.startup.ContextConfig.lifecycleEvent(ContextConfig.java:303)
		at org.apache.catalina.util.LifecycleBase.fireLifecycleEvent(LifecycleBase.java:123)
		at org.apache.catalina.core.StandardContext.startInternal(StandardContext.java:5135)
		at org.apache.catalina.util.LifecycleBase.start(LifecycleBase.java:183)
		at org.apache.catalina.startup.HostConfig.reload(HostConfig.java:1452)
		at org.apache.catalina.startup.HostConfig.checkResources(HostConfig.java:1415)
		at org.apache.catalina.startup.HostConfig.check(HostConfig.java:1654)
		at org.apache.catalina.startup.HostConfig.lifecycleEvent(HostConfig.java:315)
		at org.apache.catalina.util.LifecycleBase.fireLifecycleEvent(LifecycleBase.java:123)
		at org.apache.catalina.core.ContainerBase.backgroundProcess(ContainerBase.java:1162)
		at org.apache.catalina.core.ContainerBase$ContainerBackgroundProcessor.processChildren(ContainerBase.java:1365)
		at org.apache.catalina.core.ContainerBase$ContainerBackgroundProcessor.processChildren(ContainerBase.java:1369)
		at org.apache.catalina.core.ContainerBase$ContainerBackgroundProcessor.run(ContainerBase.java:1347)
		at java.util.concurrent.Executors$RunnableAdapter.call(Executors.java:511)
		at java.util.concurrent.FutureTask.runAndReset(FutureTask.java:308)
		at java.util.concurrent.ScheduledThreadPoolExecutor$ScheduledFutureTask.access$301(ScheduledThreadPoolExecutor.java:180)
		at java.util.concurrent.ScheduledThreadPoolExecutor$ScheduledFutureTask.run(ScheduledThreadPoolExecutor.java:294)
		at java.util.concurrent.ThreadPoolExecutor.runWorker(ThreadPoolExecutor.java:1149)
		at java.util.concurrent.ThreadPoolExecutor$Worker.run(ThreadPoolExecutor.java:624)
		at org.apache.tomcat.util.threads.TaskThread$WrappingRunnable.run(TaskThread.java:61)
		at java.lang.Thread.run(Thread.java:748)
17-Aug-2021 21:48:02.229 SEVERE [Catalina-utility-1] org.apache.tomcat.util.descriptor.web.WebXmlParser.parseWebXml Occurred at line [10] column [3]
17-Aug-2021 21:48:02.240 SEVERE [Catalina-utility-1] org.apache.catalina.startup.ContextConfig.configureStart Marking this application unavailable due to previous error(s)
17-Aug-2021 21:48:02.246 SEVERE [Catalina-utility-1] org.apache.catalina.core.StandardContext.startInternal One or more components marked the context as not correctly configured
17-Aug-2021 21:48:02.249 SEVERE [Catalina-utility-1] org.apache.catalina.core.StandardContext.startInternal Context [/FirstServletApp] startup failed due to previous errors
17-Aug-2021 21:49:02.389 INFO [Catalina-utility-2] org.apache.catalina.startup.HostConfig.reload Reloading context [/FirstServletApp]
17-Aug-2021 21:49:02.409 SEVERE [Catalina-utility-2] org.apache.tomcat.util.digester.Digester.fatalError Parse fatal error at line [11] column [3]
	org.xml.sax.SAXParseException; systemId: file:/C:/Sai_Softwares/apache-tomcat-9.0.52-windows-x64/apache-tomcat-9.0.52/webapps/FirstServletApp/WEB-INF/web.xml; lineNumber: 11; columnNumber: 3; The element type "servlet-mapping" must be terminated by the matching end-tag "</servlet-mapping>".
		at com.sun.org.apache.xerces.internal.util.ErrorHandlerWrapper.createSAXParseException(ErrorHandlerWrapper.java:203)
		at com.sun.org.apache.xerces.internal.util.ErrorHandlerWrapper.fatalError(ErrorHandlerWrapper.java:177)
		at com.sun.org.apache.xerces.internal.impl.XMLErrorReporter.reportError(XMLErrorReporter.java:400)
		at com.sun.org.apache.xerces.internal.impl.XMLErrorReporter.reportError(XMLErrorReporter.java:327)
		at com.sun.org.apache.xerces.internal.impl.XMLScanner.reportFatalError(XMLScanner.java:1472)
		at com.sun.org.apache.xerces.internal.impl.XMLDocumentFragmentScannerImpl.scanEndElement(XMLDocumentFragmentScannerImpl.java:1749)
		at com.sun.org.apache.xerces.internal.impl.XMLDocumentFragmentScannerImpl$FragmentContentDriver.next(XMLDocumentFragmentScannerImpl.java:2967)
		at com.sun.org.apache.xerces.internal.impl.XMLDocumentScannerImpl.next(XMLDocumentScannerImpl.java:602)
		at com.sun.org.apache.xerces.internal.impl.XMLDocumentFragmentScannerImpl.scanDocument(XMLDocumentFragmentScannerImpl.java:505)
		at com.sun.org.apache.xerces.internal.parsers.XML11Configuration.parse(XML11Configuration.java:842)
		at com.sun.org.apache.xerces.internal.parsers.XML11Configuration.parse(XML11Configuration.java:771)
		at com.sun.org.apache.xerces.internal.parsers.XMLParser.parse(XMLParser.java:141)
		at com.sun.org.apache.xerces.internal.parsers.AbstractSAXParser.parse(AbstractSAXParser.java:1213)
		at com.sun.org.apache.xerces.internal.jaxp.SAXParserImpl$JAXPSAXParser.parse(SAXParserImpl.java:643)
		at org.apache.tomcat.util.digester.Digester.parse(Digester.java:1535)
		at org.apache.tomcat.util.descriptor.web.WebXmlParser.parseWebXml(WebXmlParser.java:119)
		at org.apache.catalina.startup.ContextConfig.webConfig(ContextConfig.java:1277)
		at org.apache.catalina.startup.ContextConfig.configureStart(ContextConfig.java:986)
		at org.apache.catalina.startup.ContextConfig.lifecycleEvent(ContextConfig.java:303)
		at org.apache.catalina.util.LifecycleBase.fireLifecycleEvent(LifecycleBase.java:123)
		at org.apache.catalina.core.StandardContext.startInternal(StandardContext.java:5135)
		at org.apache.catalina.util.LifecycleBase.start(LifecycleBase.java:183)
		at org.apache.catalina.startup.HostConfig.reload(HostConfig.java:1452)
		at org.apache.catalina.startup.HostConfig.checkResources(HostConfig.java:1415)
		at org.apache.catalina.startup.HostConfig.check(HostConfig.java:1654)
		at org.apache.catalina.startup.HostConfig.lifecycleEvent(HostConfig.java:315)
		at org.apache.catalina.util.LifecycleBase.fireLifecycleEvent(LifecycleBase.java:123)
		at org.apache.catalina.core.ContainerBase.backgroundProcess(ContainerBase.java:1162)
		at org.apache.catalina.core.ContainerBase$ContainerBackgroundProcessor.processChildren(ContainerBase.java:1365)
		at org.apache.catalina.core.ContainerBase$ContainerBackgroundProcessor.processChildren(ContainerBase.java:1369)
		at org.apache.catalina.core.ContainerBase$ContainerBackgroundProcessor.run(ContainerBase.java:1347)
		at java.util.concurrent.Executors$RunnableAdapter.call(Executors.java:511)
		at java.util.concurrent.FutureTask.runAndReset(FutureTask.java:308)
		at java.util.concurrent.ScheduledThreadPoolExecutor$ScheduledFutureTask.access$301(ScheduledThreadPoolExecutor.java:180)
		at java.util.concurrent.ScheduledThreadPoolExecutor$ScheduledFutureTask.run(ScheduledThreadPoolExecutor.java:294)
		at java.util.concurrent.ThreadPoolExecutor.runWorker(ThreadPoolExecutor.java:1149)
		at java.util.concurrent.ThreadPoolExecutor$Worker.run(ThreadPoolExecutor.java:624)
		at org.apache.tomcat.util.threads.TaskThread$WrappingRunnable.run(TaskThread.java:61)
		at java.lang.Thread.run(Thread.java:748)
17-Aug-2021 21:49:02.409 SEVERE [Catalina-utility-2] org.apache.tomcat.util.descriptor.web.WebXmlParser.parseWebXml Parse error in application web.xml file at [file:/C:/Sai_Softwares/apache-tomcat-9.0.52-windows-x64/apache-tomcat-9.0.52/webapps/FirstServletApp/WEB-INF/web.xml]
	org.xml.sax.SAXParseException; systemId: file:/C:/Sai_Softwares/apache-tomcat-9.0.52-windows-x64/apache-tomcat-9.0.52/webapps/FirstServletApp/WEB-INF/web.xml; lineNumber: 11; columnNumber: 3; The element type "servlet-mapping" must be terminated by the matching end-tag "</servlet-mapping>".
		at com.sun.org.apache.xerces.internal.util.ErrorHandlerWrapper.createSAXParseException(ErrorHandlerWrapper.java:203)
		at com.sun.org.apache.xerces.internal.util.ErrorHandlerWrapper.fatalError(ErrorHandlerWrapper.java:177)
		at com.sun.org.apache.xerces.internal.impl.XMLErrorReporter.reportError(XMLErrorReporter.java:400)
		at com.sun.org.apache.xerces.internal.impl.XMLErrorReporter.reportError(XMLErrorReporter.java:327)
		at com.sun.org.apache.xerces.internal.impl.XMLScanner.reportFatalError(XMLScanner.java:1472)
		at com.sun.org.apache.xerces.internal.impl.XMLDocumentFragmentScannerImpl.scanEndElement(XMLDocumentFragmentScannerImpl.java:1749)
		at com.sun.org.apache.xerces.internal.impl.XMLDocumentFragmentScannerImpl$FragmentContentDriver.next(XMLDocumentFragmentScannerImpl.java:2967)
		at com.sun.org.apache.xerces.internal.impl.XMLDocumentScannerImpl.next(XMLDocumentScannerImpl.java:602)
		at com.sun.org.apache.xerces.internal.impl.XMLDocumentFragmentScannerImpl.scanDocument(XMLDocumentFragmentScannerImpl.java:505)
		at com.sun.org.apache.xerces.internal.parsers.XML11Configuration.parse(XML11Configuration.java:842)
		at com.sun.org.apache.xerces.internal.parsers.XML11Configuration.parse(XML11Configuration.java:771)
		at com.sun.org.apache.xerces.internal.parsers.XMLParser.parse(XMLParser.java:141)
		at com.sun.org.apache.xerces.internal.parsers.AbstractSAXParser.parse(AbstractSAXParser.java:1213)
		at com.sun.org.apache.xerces.internal.jaxp.SAXParserImpl$JAXPSAXParser.parse(SAXParserImpl.java:643)
		at org.apache.tomcat.util.digester.Digester.parse(Digester.java:1535)
		at org.apache.tomcat.util.descriptor.web.WebXmlParser.parseWebXml(WebXmlParser.java:119)
		at org.apache.catalina.startup.ContextConfig.webConfig(ContextConfig.java:1277)
		at org.apache.catalina.startup.ContextConfig.configureStart(ContextConfig.java:986)
		at org.apache.catalina.startup.ContextConfig.lifecycleEvent(ContextConfig.java:303)
		at org.apache.catalina.util.LifecycleBase.fireLifecycleEvent(LifecycleBase.java:123)
		at org.apache.catalina.core.StandardContext.startInternal(StandardContext.java:5135)
		at org.apache.catalina.util.LifecycleBase.start(LifecycleBase.java:183)
		at org.apache.catalina.startup.HostConfig.reload(HostConfig.java:1452)
		at org.apache.catalina.startup.HostConfig.checkResources(HostConfig.java:1415)
		at org.apache.catalina.startup.HostConfig.check(HostConfig.java:1654)
		at org.apache.catalina.startup.HostConfig.lifecycleEvent(HostConfig.java:315)
		at org.apache.catalina.util.LifecycleBase.fireLifecycleEvent(LifecycleBase.java:123)
		at org.apache.catalina.core.ContainerBase.backgroundProcess(ContainerBase.java:1162)
		at org.apache.catalina.core.ContainerBase$ContainerBackgroundProcessor.processChildren(ContainerBase.java:1365)
		at org.apache.catalina.core.ContainerBase$ContainerBackgroundProcessor.processChildren(ContainerBase.java:1369)
		at org.apache.catalina.core.ContainerBase$ContainerBackgroundProcessor.run(ContainerBase.java:1347)
		at java.util.concurrent.Executors$RunnableAdapter.call(Executors.java:511)
		at java.util.concurrent.FutureTask.runAndReset(FutureTask.java:308)
		at java.util.concurrent.ScheduledThreadPoolExecutor$ScheduledFutureTask.access$301(ScheduledThreadPoolExecutor.java:180)
		at java.util.concurrent.ScheduledThreadPoolExecutor$ScheduledFutureTask.run(ScheduledThreadPoolExecutor.java:294)
		at java.util.concurrent.ThreadPoolExecutor.runWorker(ThreadPoolExecutor.java:1149)
		at java.util.concurrent.ThreadPoolExecutor$Worker.run(ThreadPoolExecutor.java:624)
		at org.apache.tomcat.util.threads.TaskThread$WrappingRunnable.run(TaskThread.java:61)
		at java.lang.Thread.run(Thread.java:748)
17-Aug-2021 21:49:02.411 SEVERE [Catalina-utility-2] org.apache.tomcat.util.descriptor.web.WebXmlParser.parseWebXml Occurred at line [11] column [3]
17-Aug-2021 21:49:02.415 SEVERE [Catalina-utility-2] org.apache.catalina.startup.ContextConfig.configureStart Marking this application unavailable due to previous error(s)
17-Aug-2021 21:49:02.418 SEVERE [Catalina-utility-2] org.apache.catalina.core.StandardContext.startInternal One or more components marked the context as not correctly configured
17-Aug-2021 21:49:02.420 SEVERE [Catalina-utility-2] org.apache.catalina.core.StandardContext.startInternal Context [/FirstServletApp] startup failed due to previous errors
17-Aug-2021 21:53:23.106 INFO [Catalina-utility-2] org.apache.catalina.startup.HostConfig.reload Reloading context [/FirstServletApp]
17-Aug-2021 21:56:13.575 INFO [Catalina-utility-2] org.apache.catalina.startup.HostConfig.reload Reloading context [/FirstServletApp]
17-Aug-2021 21:56:13.575 INFO [Catalina-utility-2] org.apache.catalina.core.StandardContext.reload Reloading Context with name [/FirstServletApp] has started
17-Aug-2021 21:56:13.651 INFO [Catalina-utility-2] org.apache.catalina.core.StandardContext.reload Reloading Context with name [/FirstServletApp] is completed
17-Aug-2021 21:56:53.744 INFO [Catalina-utility-1] org.apache.catalina.startup.HostConfig.reload Reloading context [/FirstServletApp]
17-Aug-2021 21:56:53.745 INFO [Catalina-utility-1] org.apache.catalina.core.StandardContext.reload Reloading Context with name [/FirstServletApp] has started
17-Aug-2021 21:56:53.811 INFO [Catalina-utility-1] org.apache.catalina.core.StandardContext.reload Reloading Context with name [/FirstServletApp] is completed
17-Aug-2021 21:57:13.863 INFO [Catalina-utility-2] org.apache.catalina.startup.HostConfig.reload Reloading context [/FirstServletApp]
17-Aug-2021 21:57:13.863 INFO [Catalina-utility-2] org.apache.catalina.core.StandardContext.reload Reloading Context with name [/FirstServletApp] has started
17-Aug-2021 21:57:13.952 INFO [Catalina-utility-2] org.apache.catalina.core.StandardContext.reload Reloading Context with name [/FirstServletApp] is completed
