17-Aug-2021 21:20:00.880 INFO [main] org.apache.catalina.core.ApplicationContext.log ContextListener: contextInitialized()
17-Aug-2021 21:20:00.880 INFO [main] org.apache.catalina.core.ApplicationContext.log SessionListener: contextInitialized()
17-Aug-2021 21:20:00.883 INFO [main] org.apache.catalina.core.ApplicationContext.log ContextListener: attributeAdded('StockTicker', 'async.Stockticker@399c4be1')
17-Aug-2021 21:22:14.609 INFO [main] org.apache.catalina.core.ApplicationContext.log ContextListener: contextInitialized()
17-Aug-2021 21:22:14.609 INFO [main] org.apache.catalina.core.ApplicationContext.log SessionListener: contextInitialized()
17-Aug-2021 21:22:14.612 INFO [main] org.apache.catalina.core.ApplicationContext.log ContextListener: attributeAdded('StockTicker', 'async.Stockticker@291caca8')
17-Aug-2021 21:22:14.814 INFO [main] org.apache.catalina.core.ApplicationContext.log SessionListener: contextDestroyed()
17-Aug-2021 21:22:14.814 INFO [main] org.apache.catalina.core.ApplicationContext.log ContextListener: contextDestroyed()
17-Aug-2021 21:22:20.434 INFO [main] org.apache.catalina.core.ApplicationContext.log ContextListener: contextInitialized()
17-Aug-2021 21:22:20.435 INFO [main] org.apache.catalina.core.ApplicationContext.log SessionListener: contextInitialized()
17-Aug-2021 21:22:20.437 INFO [main] org.apache.catalina.core.ApplicationContext.log ContextListener: attributeAdded('StockTicker', 'async.Stockticker@385e9564')
17-Aug-2021 21:22:20.637 INFO [main] org.apache.catalina.core.ApplicationContext.log SessionListener: contextDestroyed()
17-Aug-2021 21:22:20.637 INFO [main] org.apache.catalina.core.ApplicationContext.log ContextListener: contextDestroyed()
17-Aug-2021 21:23:26.269 INFO [main] org.apache.catalina.core.ApplicationContext.log ContextListener: contextInitialized()
17-Aug-2021 21:23:26.269 INFO [main] org.apache.catalina.core.ApplicationContext.log SessionListener: contextInitialized()
17-Aug-2021 21:23:26.271 INFO [main] org.apache.catalina.core.ApplicationContext.log ContextListener: attributeAdded('StockTicker', 'async.Stockticker@291caca8')
17-Aug-2021 21:23:26.495 INFO [main] org.apache.catalina.core.ApplicationContext.log SessionListener: contextDestroyed()
17-Aug-2021 21:23:26.495 INFO [main] org.apache.catalina.core.ApplicationContext.log ContextListener: contextDestroyed()
17-Aug-2021 21:24:01.225 INFO [main] org.apache.catalina.core.ApplicationContext.log SessionListener: contextDestroyed()
17-Aug-2021 21:24:01.225 INFO [main] org.apache.catalina.core.ApplicationContext.log ContextListener: contextDestroyed()
17-Aug-2021 21:24:08.706 INFO [main] org.apache.catalina.core.ApplicationContext.log ContextListener: contextInitialized()
17-Aug-2021 21:24:08.706 INFO [main] org.apache.catalina.core.ApplicationContext.log SessionListener: contextInitialized()
17-Aug-2021 21:24:08.709 INFO [main] org.apache.catalina.core.ApplicationContext.log ContextListener: attributeAdded('StockTicker', 'async.Stockticker@291caca8')
17-Aug-2021 21:26:04.255 INFO [main] org.apache.catalina.core.ApplicationContext.log SessionListener: contextDestroyed()
17-Aug-2021 21:26:04.255 INFO [main] org.apache.catalina.core.ApplicationContext.log ContextListener: contextDestroyed()
17-Aug-2021 21:26:08.089 INFO [main] org.apache.catalina.core.ApplicationContext.log ContextListener: contextInitialized()
17-Aug-2021 21:26:08.089 INFO [main] org.apache.catalina.core.ApplicationContext.log SessionListener: contextInitialized()
17-Aug-2021 21:26:08.091 INFO [main] org.apache.catalina.core.ApplicationContext.log ContextListener: attributeAdded('StockTicker', 'async.Stockticker@7ee8290b')
