05-Sep-2021 06:54:22.085 INFO [main] org.apache.catalina.core.ApplicationContext.log ContextListener: contextInitialized()
05-Sep-2021 06:54:22.085 INFO [main] org.apache.catalina.core.ApplicationContext.log SessionListener: contextInitialized()
05-Sep-2021 06:54:22.087 INFO [main] org.apache.catalina.core.ApplicationContext.log ContextListener: attributeAdded('StockTicker', 'async.Stockticker@7ee8290b')
05-Sep-2021 06:57:00.679 INFO [main] org.apache.catalina.core.ApplicationContext.log SessionListener: contextDestroyed()
05-Sep-2021 06:57:00.679 INFO [main] org.apache.catalina.core.ApplicationContext.log ContextListener: contextDestroyed()
05-Sep-2021 06:57:05.525 INFO [main] org.apache.catalina.core.ApplicationContext.log ContextListener: contextInitialized()
05-Sep-2021 06:57:05.525 INFO [main] org.apache.catalina.core.ApplicationContext.log SessionListener: contextInitialized()
05-Sep-2021 06:57:05.529 INFO [main] org.apache.catalina.core.ApplicationContext.log ContextListener: attributeAdded('StockTicker', 'async.Stockticker@7ee8290b')
05-Sep-2021 07:10:48.315 INFO [main] org.apache.catalina.core.ApplicationContext.log SessionListener: contextDestroyed()
05-Sep-2021 07:10:48.315 INFO [main] org.apache.catalina.core.ApplicationContext.log ContextListener: contextDestroyed()
05-Sep-2021 07:10:55.965 INFO [main] org.apache.catalina.core.ApplicationContext.log ContextListener: contextInitialized()
05-Sep-2021 07:10:55.965 INFO [main] org.apache.catalina.core.ApplicationContext.log SessionListener: contextInitialized()
05-Sep-2021 07:10:55.972 INFO [main] org.apache.catalina.core.ApplicationContext.log ContextListener: attributeAdded('StockTicker', 'async.Stockticker@7ee8290b')
05-Sep-2021 12:06:04.922 INFO [main] org.apache.catalina.core.ApplicationContext.log ContextListener: contextInitialized()
05-Sep-2021 12:06:04.922 INFO [main] org.apache.catalina.core.ApplicationContext.log SessionListener: contextInitialized()
05-Sep-2021 12:06:04.925 INFO [main] org.apache.catalina.core.ApplicationContext.log ContextListener: attributeAdded('StockTicker', 'async.Stockticker@7ee8290b')
05-Sep-2021 12:18:49.006 INFO [main] org.apache.catalina.core.ApplicationContext.log SessionListener: contextDestroyed()
05-Sep-2021 12:18:49.006 INFO [main] org.apache.catalina.core.ApplicationContext.log ContextListener: contextDestroyed()
05-Sep-2021 12:18:54.124 INFO [main] org.apache.catalina.core.ApplicationContext.log ContextListener: contextInitialized()
05-Sep-2021 12:18:54.124 INFO [main] org.apache.catalina.core.ApplicationContext.log SessionListener: contextInitialized()
05-Sep-2021 12:18:54.126 INFO [main] org.apache.catalina.core.ApplicationContext.log ContextListener: attributeAdded('StockTicker', 'async.Stockticker@7ee8290b')
05-Sep-2021 12:20:05.178 INFO [main] org.apache.catalina.core.ApplicationContext.log SessionListener: contextDestroyed()
05-Sep-2021 12:20:05.178 INFO [main] org.apache.catalina.core.ApplicationContext.log ContextListener: contextDestroyed()
05-Sep-2021 12:20:44.448 INFO [main] org.apache.catalina.core.ApplicationContext.log ContextListener: contextInitialized()
05-Sep-2021 12:20:44.449 INFO [main] org.apache.catalina.core.ApplicationContext.log SessionListener: contextInitialized()
05-Sep-2021 12:20:44.451 INFO [main] org.apache.catalina.core.ApplicationContext.log ContextListener: attributeAdded('StockTicker', 'async.Stockticker@7ee8290b')
05-Sep-2021 12:45:31.363 INFO [main] org.apache.catalina.core.ApplicationContext.log SessionListener: contextDestroyed()
05-Sep-2021 12:45:31.363 INFO [main] org.apache.catalina.core.ApplicationContext.log ContextListener: contextDestroyed()
05-Sep-2021 12:45:35.755 INFO [main] org.apache.catalina.core.ApplicationContext.log ContextListener: contextInitialized()
05-Sep-2021 12:45:35.755 INFO [main] org.apache.catalina.core.ApplicationContext.log SessionListener: contextInitialized()
05-Sep-2021 12:45:35.758 INFO [main] org.apache.catalina.core.ApplicationContext.log ContextListener: attributeAdded('StockTicker', 'async.Stockticker@7ee8290b')
05-Sep-2021 12:47:41.347 INFO [main] org.apache.catalina.core.ApplicationContext.log SessionListener: contextDestroyed()
05-Sep-2021 12:47:41.347 INFO [main] org.apache.catalina.core.ApplicationContext.log ContextListener: contextDestroyed()
05-Sep-2021 12:47:46.088 INFO [main] org.apache.catalina.core.ApplicationContext.log ContextListener: contextInitialized()
05-Sep-2021 12:47:46.089 INFO [main] org.apache.catalina.core.ApplicationContext.log SessionListener: contextInitialized()
05-Sep-2021 12:47:46.091 INFO [main] org.apache.catalina.core.ApplicationContext.log ContextListener: attributeAdded('StockTicker', 'async.Stockticker@7ee8290b')
05-Sep-2021 13:17:18.550 INFO [main] org.apache.catalina.core.ApplicationContext.log SessionListener: contextDestroyed()
05-Sep-2021 13:17:18.550 INFO [main] org.apache.catalina.core.ApplicationContext.log ContextListener: contextDestroyed()
05-Sep-2021 13:20:05.631 INFO [main] org.apache.catalina.core.ApplicationContext.log ContextListener: contextInitialized()
05-Sep-2021 13:20:05.632 INFO [main] org.apache.catalina.core.ApplicationContext.log SessionListener: contextInitialized()
05-Sep-2021 13:20:05.634 INFO [main] org.apache.catalina.core.ApplicationContext.log ContextListener: attributeAdded('StockTicker', 'async.Stockticker@7ee8290b')
05-Sep-2021 13:21:36.032 INFO [main] org.apache.catalina.core.ApplicationContext.log SessionListener: contextDestroyed()
05-Sep-2021 13:21:36.032 INFO [main] org.apache.catalina.core.ApplicationContext.log ContextListener: contextDestroyed()
05-Sep-2021 13:21:57.824 INFO [main] org.apache.catalina.core.ApplicationContext.log ContextListener: contextInitialized()
05-Sep-2021 13:21:57.824 INFO [main] org.apache.catalina.core.ApplicationContext.log SessionListener: contextInitialized()
05-Sep-2021 13:21:57.826 INFO [main] org.apache.catalina.core.ApplicationContext.log ContextListener: attributeAdded('StockTicker', 'async.Stockticker@10959ece')
05-Sep-2021 13:23:04.237 INFO [main] org.apache.catalina.core.ApplicationContext.log SessionListener: contextDestroyed()
05-Sep-2021 13:23:04.237 INFO [main] org.apache.catalina.core.ApplicationContext.log ContextListener: contextDestroyed()
05-Sep-2021 13:23:09.161 INFO [main] org.apache.catalina.core.ApplicationContext.log ContextListener: contextInitialized()
05-Sep-2021 13:23:09.161 INFO [main] org.apache.catalina.core.ApplicationContext.log SessionListener: contextInitialized()
05-Sep-2021 13:23:09.165 INFO [main] org.apache.catalina.core.ApplicationContext.log ContextListener: attributeAdded('StockTicker', 'async.Stockticker@5609159b')
05-Sep-2021 13:25:55.935 INFO [main] org.apache.catalina.core.ApplicationContext.log SessionListener: contextDestroyed()
05-Sep-2021 13:25:55.935 INFO [main] org.apache.catalina.core.ApplicationContext.log ContextListener: contextDestroyed()
05-Sep-2021 13:33:08.677 INFO [main] org.apache.catalina.core.ApplicationContext.log ContextListener: contextInitialized()
05-Sep-2021 13:33:08.677 INFO [main] org.apache.catalina.core.ApplicationContext.log SessionListener: contextInitialized()
05-Sep-2021 13:33:08.680 INFO [main] org.apache.catalina.core.ApplicationContext.log ContextListener: attributeAdded('StockTicker', 'async.Stockticker@36b4fe2a')
05-Sep-2021 13:48:17.007 INFO [main] org.apache.catalina.core.ApplicationContext.log SessionListener: contextDestroyed()
05-Sep-2021 13:48:17.007 INFO [main] org.apache.catalina.core.ApplicationContext.log ContextListener: contextDestroyed()
05-Sep-2021 13:57:01.677 INFO [main] org.apache.catalina.core.ApplicationContext.log ContextListener: contextInitialized()
05-Sep-2021 13:57:01.677 INFO [main] org.apache.catalina.core.ApplicationContext.log SessionListener: contextInitialized()
05-Sep-2021 13:57:01.680 INFO [main] org.apache.catalina.core.ApplicationContext.log ContextListener: attributeAdded('StockTicker', 'async.Stockticker@6bf0219d')
